2025-06-14 17:27:35.7750 DEBUG Démarrage de l'application 
2025-06-14 17:27:38.8813 ERROR L'application a échoué au démarrage Microsoft.Extensions.Hosting.HostAbortedException: The host was aborted.
   at Microsoft.Extensions.Hosting.HostFactoryResolver.HostingListener.ThrowHostAborted()
   at Microsoft.Extensions.Hosting.HostFactoryResolver.HostingListener.OnNext(KeyValuePair`2 value)
   at System.Diagnostics.DiagnosticListener.Write(String name, Object value)
   at System.Diagnostics.DiagnosticSource.Write[T](String name, T value)
   at Microsoft.Extensions.Hosting.HostBuilder.ResolveHost(IServiceProvider serviceProvider, DiagnosticListener diagnosticListener)
   at Microsoft.Extensions.Hosting.HostApplicationBuilder.Build()
   at Microsoft.AspNetCore.Builder.WebApplicationBuilder.Build()
   at Program.<Main>$(String[] args) in C:\Users\elitebook\Source\Repos\AspDotNet1\ApiAspNet\Program.cs:line 43
2025-06-14 17:27:59.5202 DEBUG Démarrage de l'application 
2025-06-14 17:28:01.1292 ERROR L'application a échoué au démarrage Microsoft.Extensions.Hosting.HostAbortedException: The host was aborted.
   at Microsoft.Extensions.Hosting.HostFactoryResolver.HostingListener.ThrowHostAborted()
   at Microsoft.Extensions.Hosting.HostFactoryResolver.HostingListener.OnNext(KeyValuePair`2 value)
   at System.Diagnostics.DiagnosticListener.Write(String name, Object value)
   at System.Diagnostics.DiagnosticSource.Write[T](String name, T value)
   at Microsoft.Extensions.Hosting.HostBuilder.ResolveHost(IServiceProvider serviceProvider, DiagnosticListener diagnosticListener)
   at Microsoft.Extensions.Hosting.HostApplicationBuilder.Build()
   at Microsoft.AspNetCore.Builder.WebApplicationBuilder.Build()
   at Program.<Main>$(String[] args) in C:\Users\elitebook\Source\Repos\AspDotNet1\ApiAspNet\Program.cs:line 43
2025-06-14 17:28:36.6744 DEBUG Démarrage de l'application 
2025-06-14 17:28:47.3942 DEBUG Registered model binder providers, in the following order: Microsoft.AspNetCore.Mvc.ModelBinding.Binders.BinderTypeModelBinderProvider, Microsoft.AspNetCore.Mvc.ModelBinding.Binders.ServicesModelBinderProvider, Microsoft.AspNetCore.Mvc.ModelBinding.Binders.BodyModelBinderProvider, Microsoft.AspNetCore.Mvc.ModelBinding.Binders.HeaderModelBinderProvider, Microsoft.AspNetCore.Mvc.ModelBinding.Binders.FloatingPointTypeModelBinderProvider, Microsoft.AspNetCore.Mvc.ModelBinding.Binders.EnumTypeModelBinderProvider, Microsoft.AspNetCore.Mvc.ModelBinding.Binders.DateTimeModelBinderProvider, Microsoft.AspNetCore.Mvc.ModelBinding.Binders.SimpleTypeModelBinderProvider, Microsoft.AspNetCore.Mvc.ModelBinding.Binders.TryParseModelBinderProvider, Microsoft.AspNetCore.Mvc.ModelBinding.Binders.CancellationTokenModelBinderProvider, Microsoft.AspNetCore.Mvc.ModelBinding.Binders.ByteArrayModelBinderProvider, Microsoft.AspNetCore.Mvc.ModelBinding.Binders.FormFileModelBinderProvider, Microsoft.AspNetCore.Mvc.ModelBinding.Binders.FormCollectionModelBinderProvider, Microsoft.AspNetCore.Mvc.ModelBinding.Binders.KeyValuePairModelBinderProvider, Microsoft.AspNetCore.Mvc.ModelBinding.Binders.DictionaryModelBinderProvider, Microsoft.AspNetCore.Mvc.ModelBinding.Binders.ArrayModelBinderProvider, Microsoft.AspNetCore.Mvc.ModelBinding.Binders.CollectionModelBinderProvider, Microsoft.AspNetCore.Mvc.ModelBinding.Binders.ComplexObjectModelBinderProvider 
2025-06-14 17:28:47.6786 DEBUG Hosting starting 
2025-06-14 17:28:48.3475 DEBUG Loaded hosting startup assembly ApiAspNet 
2025-06-14 17:28:48.3475 DEBUG Loaded hosting startup assembly Microsoft.WebTools.ApiEndpointDiscovery 
2025-06-14 17:28:48.3475 DEBUG Loaded hosting startup assembly Microsoft.AspNetCore.Watch.BrowserRefresh 
2025-06-14 17:28:48.3475 DEBUG Loaded hosting startup assembly Microsoft.WebTools.BrowserLink.Net 
2025-06-14 17:28:48.3867 INFO Request starting HTTP/2 GET https://localhost:44384/swagger - - - 
2025-06-14 17:28:48.4930 DEBUG Wildcard detected, all requests with hosts will be allowed. 
2025-06-14 17:28:48.4930 TRACE All hosts are allowed. 
2025-06-14 17:28:48.5141 DEBUG No candidates found for the request path '/swagger' 
2025-06-14 17:28:48.5141 DEBUG Request did not match any endpoints 
2025-06-14 17:28:48.5285 INFO Application started. Press Ctrl+C to shut down. 
2025-06-14 17:28:48.5285 INFO Hosting environment: Development 
2025-06-14 17:28:48.5285 INFO Content root path: C:\Users\elitebook\Source\Repos\AspDotNet1\ApiAspNet 
2025-06-14 17:28:48.5285 DEBUG Hosting started 
2025-06-14 17:28:48.6772 DEBUG Connection ID "18374686510541701121" disconnecting. 
2025-06-14 17:28:48.6972 INFO Request starting HTTP/2 GET https://localhost:44384/swagger/index.html - - - 
2025-06-14 17:28:48.6972 TRACE All hosts are allowed. 
2025-06-14 17:28:48.6972 DEBUG No candidates found for the request path '/swagger/index.html' 
2025-06-14 17:28:48.6972 DEBUG Request did not match any endpoints 
2025-06-14 17:28:48.7976 INFO Request finished HTTP/2 GET https://localhost:44384/swagger - 301 - - 423.3183ms 
2025-06-14 17:28:48.8674 DEBUG Response markup is scheduled to include browser refresh script injection. 
2025-06-14 17:28:48.8891 DEBUG Response markup was updated to include browser refresh script injection. 
2025-06-14 17:28:48.8891 INFO Request finished HTTP/2 GET https://localhost:44384/swagger/index.html - 200 - text/html;charset=utf-8 192.6659ms 
2025-06-14 17:28:48.8967 DEBUG Connection ID "18374686489066864641" disconnecting. 
2025-06-14 17:28:49.1568 INFO Request starting HTTP/2 GET https://localhost:44384/swagger/swagger-ui-bundle.js - - - 
2025-06-14 17:28:49.1568 TRACE All hosts are allowed. 
2025-06-14 17:28:49.1609 DEBUG No candidates found for the request path '/swagger/swagger-ui-bundle.js' 
2025-06-14 17:28:49.1609 DEBUG Request did not match any endpoints 
2025-06-14 17:28:49.2182 INFO Request starting HTTP/2 GET https://localhost:44384/swagger/swagger-ui-standalone-preset.js - - - 
2025-06-14 17:28:49.2182 TRACE All hosts are allowed. 
2025-06-14 17:28:49.2182 DEBUG No candidates found for the request path '/swagger/swagger-ui-standalone-preset.js' 
2025-06-14 17:28:49.2182 DEBUG Request did not match any endpoints 
2025-06-14 17:28:49.2182 INFO Request starting HTTP/2 GET https://localhost:44384/_framework/aspnetcore-browser-refresh.js - - - 
2025-06-14 17:28:49.2182 INFO Request starting HTTP/2 GET https://localhost:44384/swagger/swagger-ui.css - - - 
2025-06-14 17:28:49.2182 TRACE All hosts are allowed. 
2025-06-14 17:28:49.2182 DEBUG No candidates found for the request path '/swagger/swagger-ui.css' 
2025-06-14 17:28:49.2182 DEBUG Request did not match any endpoints 
2025-06-14 17:28:49.2437 TRACE Range header's value is empty. 
2025-06-14 17:28:49.2437 TRACE Range header's value is empty. 
2025-06-14 17:28:49.2437 TRACE Range header's value is empty. 
2025-06-14 17:28:49.2735 INFO Request finished HTTP/2 GET https://localhost:44384/_framework/aspnetcore-browser-refresh.js - 200 13770 application/javascript;+charset=utf-8 38.1056ms 
2025-06-14 17:28:49.3315 DEBUG Connection ID "18158513724132950017" disconnecting. 
2025-06-14 17:28:49.4223 INFO Sending file. Request path: '/swagger-ui.css'. Physical path: 'N/A' 
2025-06-14 17:28:49.4452 INFO Sending file. Request path: '/swagger-ui-standalone-preset.js'. Physical path: 'N/A' 
2025-06-14 17:28:49.4635 DEBUG Connection ID "18374686510541701123" disconnecting. 
2025-06-14 17:28:49.4994 DEBUG Connection ID "18230571318170877953" disconnecting. 
2025-06-14 17:28:49.5351 INFO Request finished HTTP/2 GET https://localhost:44384/swagger/swagger-ui.css - 200 143943 text/css 314.3495ms 
2025-06-14 17:28:49.5351 INFO Request finished HTTP/2 GET https://localhost:44384/swagger/swagger-ui-standalone-preset.js - 200 339486 text/javascript 317.0667ms 
2025-06-14 17:28:49.5477 INFO Sending file. Request path: '/swagger-ui-bundle.js'. Physical path: 'N/A' 
2025-06-14 17:28:49.9948 DEBUG Connection ID "18302628916503773185" disconnecting. 
2025-06-14 17:28:50.0121 INFO Request finished HTTP/2 GET https://localhost:44384/swagger/swagger-ui-bundle.js - 200 1096145 text/javascript 857.4117ms 
2025-06-14 17:28:51.2312 INFO Request starting HTTP/2 GET https://localhost:44384/swagger/v1/swagger.json - - - 
2025-06-14 17:28:51.3869 INFO Request starting HTTP/2 GET https://localhost:44384/swagger/favicon-32x32.png - - - 
2025-06-14 17:28:51.3869 TRACE All hosts are allowed. 
2025-06-14 17:28:51.3869 TRACE All hosts are allowed. 
2025-06-14 17:28:51.3869 DEBUG No candidates found for the request path '/swagger/v1/swagger.json' 
2025-06-14 17:28:51.3869 DEBUG No candidates found for the request path '/swagger/favicon-32x32.png' 
2025-06-14 17:28:51.3869 DEBUG Request did not match any endpoints 
2025-06-14 17:28:51.3869 DEBUG Request did not match any endpoints 
2025-06-14 17:28:51.3869 TRACE Range header's value is empty. 
2025-06-14 17:28:51.4184 INFO Sending file. Request path: '/favicon-32x32.png'. Physical path: 'N/A' 
2025-06-14 17:28:51.4184 INFO Request finished HTTP/2 GET https://localhost:44384/swagger/favicon-32x32.png - 200 628 image/png 31.9403ms 
2025-06-14 17:28:51.7685 INFO Request finished HTTP/2 GET https://localhost:44384/swagger/v1/swagger.json - 200 - application/json;charset=utf-8 537.7870ms 
2025-06-14 17:31:49.2547 INFO Request starting HTTP/2 POST https://localhost:44384/api/Users - application/json 172 
2025-06-14 17:31:49.2692 TRACE All hosts are allowed. 
2025-06-14 17:31:49.4730 DEBUG 1 candidate(s) found for the request path '/api/Users' 
2025-06-14 17:31:49.5741 DEBUG Endpoint 'ApiAspNet.Controllers.UsersController.Create (ApiAspNet)' with route pattern 'api/Users' is valid for the request path '/api/Users' 
2025-06-14 17:31:49.5741 DEBUG Request matched endpoint 'ApiAspNet.Controllers.UsersController.Create (ApiAspNet)' 
2025-06-14 17:31:49.6079 TRACE The endpoint does not specify the IRequestSizeLimitMetadata. 
2025-06-14 17:31:49.6216 DEBUG Static files was skipped as the request already matched an endpoint. 
2025-06-14 17:31:49.7101 INFO Executing endpoint 'ApiAspNet.Controllers.UsersController.Create (ApiAspNet)' 
2025-06-14 17:31:50.1890 INFO Route matched with {action = "Create", controller = "Users"}. Executing controller action with signature Microsoft.AspNetCore.Mvc.IActionResult Create(ApiAspNet.Models.Users.CreateRequests) on controller ApiAspNet.Controllers.UsersController (ApiAspNet). 
2025-06-14 17:31:50.1951 DEBUG Execution plan of authorization filters (in the following order): None 
2025-06-14 17:31:50.1951 DEBUG Execution plan of resource filters (in the following order): None 
2025-06-14 17:31:50.1951 DEBUG Execution plan of action filters (in the following order): Microsoft.AspNetCore.Mvc.ModelBinding.UnsupportedContentTypeFilter (Order: -3000), Microsoft.AspNetCore.Mvc.Infrastructure.ModelStateInvalidFilter (Order: -2000) 
2025-06-14 17:31:50.1951 DEBUG Execution plan of exception filters (in the following order): None 
2025-06-14 17:31:50.1951 DEBUG Execution plan of result filters (in the following order): Microsoft.AspNetCore.Mvc.Infrastructure.ClientErrorResultFilter (Order: -2000) 
2025-06-14 17:31:50.1951 DEBUG Executing controller factory for controller ApiAspNet.Controllers.UsersController (ApiAspNet) 
2025-06-14 17:31:51.3432 DEBUG Executed controller factory for controller ApiAspNet.Controllers.UsersController (ApiAspNet) 
2025-06-14 17:31:51.3654 DEBUG Attempting to bind parameter 'model' of type 'ApiAspNet.Models.Users.CreateRequests' ... 
2025-06-14 17:31:51.3654 DEBUG Attempting to bind parameter 'model' of type 'ApiAspNet.Models.Users.CreateRequests' using the name '' in request data ... 
2025-06-14 17:31:51.3654 DEBUG Selected input formatter 'Microsoft.AspNetCore.Mvc.Formatters.SystemTextJsonInputFormatter' for content type 'application/json'. 
2025-06-14 17:31:51.4162 DEBUG JSON input formatter succeeded, deserializing to type 'ApiAspNet.Models.Users.CreateRequests' 
2025-06-14 17:31:51.4162 DEBUG Done attempting to bind parameter 'model' of type 'ApiAspNet.Models.Users.CreateRequests'. 
2025-06-14 17:31:51.4162 DEBUG Done attempting to bind parameter 'model' of type 'ApiAspNet.Models.Users.CreateRequests'. 
2025-06-14 17:31:51.4162 DEBUG Attempting to validate the bound parameter 'model' of type 'ApiAspNet.Models.Users.CreateRequests' ... 
2025-06-14 17:31:51.4162 DEBUG Done attempting to validate the bound parameter 'model' of type 'ApiAspNet.Models.Users.CreateRequests'. 
2025-06-14 17:31:51.4388 TRACE Action Filter: Before executing OnActionExecuting on filter Microsoft.AspNetCore.Mvc.ModelBinding.UnsupportedContentTypeFilter. 
2025-06-14 17:31:51.4388 TRACE Action Filter: After executing OnActionExecuting on filter Microsoft.AspNetCore.Mvc.ModelBinding.UnsupportedContentTypeFilter. 
2025-06-14 17:31:51.4388 TRACE Action Filter: Before executing OnActionExecuting on filter Microsoft.AspNetCore.Mvc.Infrastructure.ModelStateInvalidFilter. 
2025-06-14 17:31:51.4388 TRACE Action Filter: After executing OnActionExecuting on filter Microsoft.AspNetCore.Mvc.Infrastructure.ModelStateInvalidFilter. 
2025-06-14 17:31:51.4388 INFO Executing action method ApiAspNet.Controllers.UsersController.Create (ApiAspNet) - Validation state: Valid 
2025-06-14 17:31:51.4388 TRACE Executing action method ApiAspNet.Controllers.UsersController.Create (ApiAspNet) with arguments (ApiAspNet.Models.Users.CreateRequests) 
2025-06-14 17:33:24.3260 DEBUG Démarrage de l'application 
2025-06-14 17:33:33.9663 DEBUG Registered model binder providers, in the following order: Microsoft.AspNetCore.Mvc.ModelBinding.Binders.BinderTypeModelBinderProvider, Microsoft.AspNetCore.Mvc.ModelBinding.Binders.ServicesModelBinderProvider, Microsoft.AspNetCore.Mvc.ModelBinding.Binders.BodyModelBinderProvider, Microsoft.AspNetCore.Mvc.ModelBinding.Binders.HeaderModelBinderProvider, Microsoft.AspNetCore.Mvc.ModelBinding.Binders.FloatingPointTypeModelBinderProvider, Microsoft.AspNetCore.Mvc.ModelBinding.Binders.EnumTypeModelBinderProvider, Microsoft.AspNetCore.Mvc.ModelBinding.Binders.DateTimeModelBinderProvider, Microsoft.AspNetCore.Mvc.ModelBinding.Binders.SimpleTypeModelBinderProvider, Microsoft.AspNetCore.Mvc.ModelBinding.Binders.TryParseModelBinderProvider, Microsoft.AspNetCore.Mvc.ModelBinding.Binders.CancellationTokenModelBinderProvider, Microsoft.AspNetCore.Mvc.ModelBinding.Binders.ByteArrayModelBinderProvider, Microsoft.AspNetCore.Mvc.ModelBinding.Binders.FormFileModelBinderProvider, Microsoft.AspNetCore.Mvc.ModelBinding.Binders.FormCollectionModelBinderProvider, Microsoft.AspNetCore.Mvc.ModelBinding.Binders.KeyValuePairModelBinderProvider, Microsoft.AspNetCore.Mvc.ModelBinding.Binders.DictionaryModelBinderProvider, Microsoft.AspNetCore.Mvc.ModelBinding.Binders.ArrayModelBinderProvider, Microsoft.AspNetCore.Mvc.ModelBinding.Binders.CollectionModelBinderProvider, Microsoft.AspNetCore.Mvc.ModelBinding.Binders.ComplexObjectModelBinderProvider 
2025-06-14 17:33:34.0975 DEBUG Hosting starting 
2025-06-14 17:33:34.3232 DEBUG Loaded hosting startup assembly ApiAspNet 
2025-06-14 17:33:34.3232 DEBUG Loaded hosting startup assembly Microsoft.WebTools.ApiEndpointDiscovery 
2025-06-14 17:33:34.3232 DEBUG Loaded hosting startup assembly Microsoft.AspNetCore.Watch.BrowserRefresh 
2025-06-14 17:33:34.3232 DEBUG Loaded hosting startup assembly Microsoft.WebTools.BrowserLink.Net 
2025-06-14 17:33:34.3504 INFO Request starting HTTP/2 GET https://localhost:44384/swagger/index.html - - - 
2025-06-14 17:33:34.3684 DEBUG Wildcard detected, all requests with hosts will be allowed. 
2025-06-14 17:33:34.3684 TRACE All hosts are allowed. 
2025-06-14 17:33:34.4007 DEBUG No candidates found for the request path '/swagger/index.html' 
2025-06-14 17:33:34.4013 DEBUG Request did not match any endpoints 
2025-06-14 17:33:34.4833 INFO Application started. Press Ctrl+C to shut down. 
2025-06-14 17:33:34.4848 INFO Hosting environment: Development 
2025-06-14 17:33:34.4848 INFO Content root path: C:\Users\elitebook\Source\Repos\AspDotNet1\ApiAspNet 
2025-06-14 17:33:34.4848 DEBUG Hosting started 
2025-06-14 17:33:34.5185 DEBUG Response markup is scheduled to include browser refresh script injection. 
2025-06-14 17:33:34.5708 DEBUG Response markup was updated to include browser refresh script injection. 
2025-06-14 17:33:34.5836 DEBUG Connection ID "18374686480476930050" disconnecting. 
2025-06-14 17:33:34.5836 INFO Request starting HTTP/2 GET https://localhost:44384/_framework/aspnetcore-browser-refresh.js - - - 
2025-06-14 17:33:34.5836 INFO Request finished HTTP/2 GET https://localhost:44384/swagger/index.html - 200 - text/html;charset=utf-8 247.9300ms 
2025-06-14 17:33:34.6176 INFO Request finished HTTP/2 GET https://localhost:44384/_framework/aspnetcore-browser-refresh.js - 200 13770 application/javascript;+charset=utf-8 10.5366ms 
2025-06-14 17:33:34.6176 DEBUG Connection ID "18374686493361831938" disconnecting. 
2025-06-14 17:33:34.9337 INFO Request starting HTTP/2 GET https://localhost:44384/swagger/v1/swagger.json - - - 
2025-06-14 17:33:34.9337 TRACE All hosts are allowed. 
2025-06-14 17:33:34.9337 DEBUG No candidates found for the request path '/swagger/v1/swagger.json' 
2025-06-14 17:33:34.9337 DEBUG Request did not match any endpoints 
2025-06-14 17:33:34.9748 INFO Request finished HTTP/2 GET https://localhost:44384/swagger/v1/swagger.json - 200 - application/json;charset=utf-8 41.1195ms 
2025-06-14 17:33:34.9748 DEBUG Connection ID "18374686501951766530" disconnecting. 
2025-06-14 17:34:15.2133 INFO Request starting HTTP/2 POST https://localhost:44384/api/Users - application/json 175 
2025-06-14 17:34:15.2133 TRACE All hosts are allowed. 
2025-06-14 17:34:15.4741 DEBUG 1 candidate(s) found for the request path '/api/Users' 
2025-06-14 17:34:15.4979 DEBUG Endpoint 'ApiAspNet.Controllers.UsersController.Create (ApiAspNet)' with route pattern 'api/Users' is valid for the request path '/api/Users' 
2025-06-14 17:34:15.4979 DEBUG Request matched endpoint 'ApiAspNet.Controllers.UsersController.Create (ApiAspNet)' 
2025-06-14 17:34:15.5073 TRACE The endpoint does not specify the IRequestSizeLimitMetadata. 
2025-06-14 17:34:15.5264 DEBUG Static files was skipped as the request already matched an endpoint. 
2025-06-14 17:34:15.5387 INFO Executing endpoint 'ApiAspNet.Controllers.UsersController.Create (ApiAspNet)' 
2025-06-14 17:34:15.7568 INFO Route matched with {action = "Create", controller = "Users"}. Executing controller action with signature Microsoft.AspNetCore.Mvc.IActionResult Create(ApiAspNet.Models.Users.CreateRequests) on controller ApiAspNet.Controllers.UsersController (ApiAspNet). 
2025-06-14 17:34:15.7904 DEBUG Execution plan of authorization filters (in the following order): None 
2025-06-14 17:34:15.7904 DEBUG Execution plan of resource filters (in the following order): None 
2025-06-14 17:34:15.7904 DEBUG Execution plan of action filters (in the following order): Microsoft.AspNetCore.Mvc.ModelBinding.UnsupportedContentTypeFilter (Order: -3000), Microsoft.AspNetCore.Mvc.Infrastructure.ModelStateInvalidFilter (Order: -2000) 
2025-06-14 17:34:15.8240 DEBUG Execution plan of exception filters (in the following order): None 
2025-06-14 17:34:15.8240 DEBUG Execution plan of result filters (in the following order): Microsoft.AspNetCore.Mvc.Infrastructure.ClientErrorResultFilter (Order: -2000) 
2025-06-14 17:34:15.8334 DEBUG Executing controller factory for controller ApiAspNet.Controllers.UsersController (ApiAspNet) 
2025-06-14 17:34:18.3424 DEBUG Executed controller factory for controller ApiAspNet.Controllers.UsersController (ApiAspNet) 
2025-06-14 17:34:18.5829 DEBUG Attempting to bind parameter 'model' of type 'ApiAspNet.Models.Users.CreateRequests' ... 
2025-06-14 17:34:18.7080 DEBUG Attempting to bind parameter 'model' of type 'ApiAspNet.Models.Users.CreateRequests' using the name '' in request data ... 
2025-06-14 17:34:18.7238 DEBUG Selected input formatter 'Microsoft.AspNetCore.Mvc.Formatters.SystemTextJsonInputFormatter' for content type 'application/json'. 
2025-06-14 17:34:19.0568 DEBUG JSON input formatter succeeded, deserializing to type 'ApiAspNet.Models.Users.CreateRequests' 
2025-06-14 17:34:19.0568 DEBUG Done attempting to bind parameter 'model' of type 'ApiAspNet.Models.Users.CreateRequests'. 
2025-06-14 17:34:19.0568 DEBUG Done attempting to bind parameter 'model' of type 'ApiAspNet.Models.Users.CreateRequests'. 
2025-06-14 17:34:19.0568 DEBUG Attempting to validate the bound parameter 'model' of type 'ApiAspNet.Models.Users.CreateRequests' ... 
2025-06-14 17:34:19.1458 DEBUG Done attempting to validate the bound parameter 'model' of type 'ApiAspNet.Models.Users.CreateRequests'. 
2025-06-14 17:34:19.1458 TRACE Action Filter: Before executing OnActionExecuting on filter Microsoft.AspNetCore.Mvc.ModelBinding.UnsupportedContentTypeFilter. 
2025-06-14 17:34:19.1458 TRACE Action Filter: After executing OnActionExecuting on filter Microsoft.AspNetCore.Mvc.ModelBinding.UnsupportedContentTypeFilter. 
2025-06-14 17:34:19.1458 TRACE Action Filter: Before executing OnActionExecuting on filter Microsoft.AspNetCore.Mvc.Infrastructure.ModelStateInvalidFilter. 
2025-06-14 17:34:19.1458 TRACE Action Filter: After executing OnActionExecuting on filter Microsoft.AspNetCore.Mvc.Infrastructure.ModelStateInvalidFilter. 
2025-06-14 17:34:19.2273 INFO Executing action method ApiAspNet.Controllers.UsersController.Create (ApiAspNet) - Validation state: Valid 
2025-06-14 17:34:19.2273 TRACE Executing action method ApiAspNet.Controllers.UsersController.Create (ApiAspNet) with arguments (ApiAspNet.Models.Users.CreateRequests) 
