2025-06-22 19:53:24.1666 INFO Request starting HTTP/2 GET https://localhost:44384/api/Agence - - - 
2025-06-22 19:53:24.4647 TRACE All hosts are allowed. 
2025-06-22 19:53:24.4647 DEBUG 1 candidate(s) found for the request path '/api/Agence' 
2025-06-22 19:53:24.4647 DEBUG Endpoint 'ApiAspNet.Controllers.AgenceController.GetAll (ApiAspNet)' with route pattern 'api/Agence' is valid for the request path '/api/Agence' 
2025-06-22 19:53:24.4647 DEBUG Request matched endpoint 'ApiAspNet.Controllers.AgenceController.GetAll (ApiAspNet)' 
2025-06-22 19:53:24.4647 TRACE The endpoint does not specify the IRequestSizeLimitMetadata. 
2025-06-22 19:53:24.4718 DEBUG Static files was skipped as the request already matched an endpoint. 
2025-06-22 19:53:24.4718 DEBUG The request has an origin header: 'http://localhost:4200'. 
2025-06-22 19:53:24.4718 INFO CORS policy execution successful. 
2025-06-22 19:53:24.4718 INFO Executing endpoint 'ApiAspNet.Controllers.AgenceController.GetAll (ApiAspNet)' 
2025-06-22 19:53:24.4718 INFO Route matched with {action = "GetAll", controller = "Agence"}. Executing controller action with signature Microsoft.AspNetCore.Mvc.IActionResult GetAll() on controller ApiAspNet.Controllers.AgenceController (ApiAspNet). 
2025-06-22 19:53:24.4718 DEBUG Execution plan of authorization filters (in the following order): None 
2025-06-22 19:53:24.4718 DEBUG Execution plan of resource filters (in the following order): None 
2025-06-22 19:53:24.4761 DEBUG Execution plan of action filters (in the following order): Microsoft.AspNetCore.Mvc.ModelBinding.UnsupportedContentTypeFilter (Order: -3000), Microsoft.AspNetCore.Mvc.Infrastructure.ModelStateInvalidFilter (Order: -2000) 
2025-06-22 19:53:24.4761 DEBUG Execution plan of exception filters (in the following order): None 
2025-06-22 19:53:24.4761 DEBUG Execution plan of result filters (in the following order): Microsoft.AspNetCore.Mvc.Infrastructure.ClientErrorResultFilter (Order: -2000) 
2025-06-22 19:53:24.4761 DEBUG Executing controller factory for controller ApiAspNet.Controllers.AgenceController (ApiAspNet) 
2025-06-22 19:53:24.4761 DEBUG Executed controller factory for controller ApiAspNet.Controllers.AgenceController (ApiAspNet) 
2025-06-22 19:53:24.4761 TRACE Action Filter: Before executing OnActionExecuting on filter Microsoft.AspNetCore.Mvc.ModelBinding.UnsupportedContentTypeFilter. 
2025-06-22 19:53:24.4761 TRACE Action Filter: After executing OnActionExecuting on filter Microsoft.AspNetCore.Mvc.ModelBinding.UnsupportedContentTypeFilter. 
2025-06-22 19:53:24.4761 TRACE Action Filter: Before executing OnActionExecuting on filter Microsoft.AspNetCore.Mvc.Infrastructure.ModelStateInvalidFilter. 
2025-06-22 19:53:24.4761 TRACE Action Filter: After executing OnActionExecuting on filter Microsoft.AspNetCore.Mvc.Infrastructure.ModelStateInvalidFilter. 
2025-06-22 19:53:24.4761 INFO Executing action method ApiAspNet.Controllers.AgenceController.GetAll (ApiAspNet) - Validation state: Valid 
2025-06-22 19:53:24.8548 INFO Executed action method ApiAspNet.Controllers.AgenceController.GetAll (ApiAspNet), returned result Microsoft.AspNetCore.Mvc.OkObjectResult in 362.4358ms. 
2025-06-22 19:53:24.8548 TRACE Action Filter: Before executing OnActionExecuted on filter Microsoft.AspNetCore.Mvc.Infrastructure.ModelStateInvalidFilter. 
2025-06-22 19:53:24.8548 TRACE Action Filter: After executing OnActionExecuted on filter Microsoft.AspNetCore.Mvc.Infrastructure.ModelStateInvalidFilter. 
2025-06-22 19:53:24.8548 TRACE Action Filter: Before executing OnActionExecuted on filter Microsoft.AspNetCore.Mvc.ModelBinding.UnsupportedContentTypeFilter. 
2025-06-22 19:53:24.8548 TRACE Action Filter: After executing OnActionExecuted on filter Microsoft.AspNetCore.Mvc.ModelBinding.UnsupportedContentTypeFilter. 
2025-06-22 19:53:24.8548 TRACE Result Filter: Before executing OnResultExecuting on filter Microsoft.AspNetCore.Mvc.Infrastructure.ClientErrorResultFilter. 
2025-06-22 19:53:24.8548 TRACE Result Filter: After executing OnResultExecuting on filter Microsoft.AspNetCore.Mvc.Infrastructure.ClientErrorResultFilter. 
2025-06-22 19:53:24.8548 TRACE Before executing action result Microsoft.AspNetCore.Mvc.OkObjectResult. 
2025-06-22 19:53:24.8548 DEBUG List of registered output formatters, in the following order: Microsoft.AspNetCore.Mvc.Formatters.HttpNoContentOutputFormatter, Microsoft.AspNetCore.Mvc.Formatters.StringOutputFormatter, Microsoft.AspNetCore.Mvc.Formatters.StreamOutputFormatter, Microsoft.AspNetCore.Mvc.Formatters.SystemTextJsonOutputFormatter 
2025-06-22 19:53:24.8548 DEBUG No information found on request to perform content negotiation. 
2025-06-22 19:53:24.8548 DEBUG Attempting to select an output formatter without using a content type as no explicit content types were specified for the response. 
2025-06-22 19:53:24.8548 DEBUG Attempting to select the first formatter in the output formatters list which can write the result. 
2025-06-22 19:53:24.8548 DEBUG Selected output formatter 'Microsoft.AspNetCore.Mvc.Formatters.SystemTextJsonOutputFormatter' and content type 'application/json' to write the response. 
2025-06-22 19:53:24.8548 INFO Executing OkObjectResult, writing value of type 'System.Collections.Generic.List`1[[ApiAspNet.Entities.Agence, ApiAspNet, Version=1.0.0.0, Culture=neutral, PublicKeyToken=null]]'. 
2025-06-22 19:53:24.8548 TRACE After executing action result Microsoft.AspNetCore.Mvc.OkObjectResult. 
2025-06-22 19:53:24.8548 TRACE Result Filter: Before executing OnResultExecuted on filter Microsoft.AspNetCore.Mvc.Infrastructure.ClientErrorResultFilter. 
2025-06-22 19:53:24.8548 TRACE Result Filter: After executing OnResultExecuted on filter Microsoft.AspNetCore.Mvc.Infrastructure.ClientErrorResultFilter. 
2025-06-22 19:53:24.8548 INFO Executed action ApiAspNet.Controllers.AgenceController.GetAll (ApiAspNet) in 381.4534ms 
2025-06-22 19:53:24.8548 INFO Executed endpoint 'ApiAspNet.Controllers.AgenceController.GetAll (ApiAspNet)' 
2025-06-22 19:53:24.8548 INFO Request finished HTTP/2 GET https://localhost:44384/api/Agence - 200 - application/json;+charset=utf-8 705.2550ms 
2025-06-22 19:53:27.2208 INFO Request starting HTTP/2 GET https://localhost:44384/api/Flotte - - - 
2025-06-22 19:53:27.2208 TRACE All hosts are allowed. 
2025-06-22 19:53:27.2208 DEBUG 1 candidate(s) found for the request path '/api/Flotte' 
2025-06-22 19:53:27.2208 DEBUG Endpoint 'ApiAspNet.Controllers.FlotteController.GetAll (ApiAspNet)' with route pattern 'api/Flotte' is valid for the request path '/api/Flotte' 
2025-06-22 19:53:27.2208 DEBUG Request matched endpoint 'ApiAspNet.Controllers.FlotteController.GetAll (ApiAspNet)' 
2025-06-22 19:53:27.2208 TRACE The endpoint does not specify the IRequestSizeLimitMetadata. 
2025-06-22 19:53:27.2208 DEBUG Static files was skipped as the request already matched an endpoint. 
2025-06-22 19:53:27.2208 DEBUG The request has an origin header: 'http://localhost:4200'. 
2025-06-22 19:53:27.2208 INFO CORS policy execution successful. 
2025-06-22 19:53:27.2208 INFO Executing endpoint 'ApiAspNet.Controllers.FlotteController.GetAll (ApiAspNet)' 
2025-06-22 19:53:27.2208 INFO Route matched with {action = "GetAll", controller = "Flotte"}. Executing controller action with signature Microsoft.AspNetCore.Mvc.IActionResult GetAll() on controller ApiAspNet.Controllers.FlotteController (ApiAspNet). 
2025-06-22 19:53:27.2208 DEBUG Execution plan of authorization filters (in the following order): None 
2025-06-22 19:53:27.2208 DEBUG Execution plan of resource filters (in the following order): None 
2025-06-22 19:53:27.2208 DEBUG Execution plan of action filters (in the following order): Microsoft.AspNetCore.Mvc.ModelBinding.UnsupportedContentTypeFilter (Order: -3000), Microsoft.AspNetCore.Mvc.Infrastructure.ModelStateInvalidFilter (Order: -2000) 
2025-06-22 19:53:27.2208 DEBUG Execution plan of exception filters (in the following order): None 
2025-06-22 19:53:27.2208 DEBUG Execution plan of result filters (in the following order): Microsoft.AspNetCore.Mvc.Infrastructure.ClientErrorResultFilter (Order: -2000) 
2025-06-22 19:53:27.2208 DEBUG Executing controller factory for controller ApiAspNet.Controllers.FlotteController (ApiAspNet) 
2025-06-22 19:53:27.2208 DEBUG Executed controller factory for controller ApiAspNet.Controllers.FlotteController (ApiAspNet) 
2025-06-22 19:53:27.2208 TRACE Action Filter: Before executing OnActionExecuting on filter Microsoft.AspNetCore.Mvc.ModelBinding.UnsupportedContentTypeFilter. 
2025-06-22 19:53:27.2208 TRACE Action Filter: After executing OnActionExecuting on filter Microsoft.AspNetCore.Mvc.ModelBinding.UnsupportedContentTypeFilter. 
2025-06-22 19:53:27.2208 TRACE Action Filter: Before executing OnActionExecuting on filter Microsoft.AspNetCore.Mvc.Infrastructure.ModelStateInvalidFilter. 
2025-06-22 19:53:27.2208 TRACE Action Filter: After executing OnActionExecuting on filter Microsoft.AspNetCore.Mvc.Infrastructure.ModelStateInvalidFilter. 
2025-06-22 19:53:27.2208 INFO Executing action method ApiAspNet.Controllers.FlotteController.GetAll (ApiAspNet) - Validation state: Valid 
2025-06-22 19:53:27.2208 INFO  Récupération de toutes les flottes en cours... 
2025-06-22 19:53:27.2292 INFO Executed action method ApiAspNet.Controllers.FlotteController.GetAll (ApiAspNet), returned result Microsoft.AspNetCore.Mvc.OkObjectResult in 0.1641ms. 
2025-06-22 19:53:27.2292 TRACE Action Filter: Before executing OnActionExecuted on filter Microsoft.AspNetCore.Mvc.Infrastructure.ModelStateInvalidFilter. 
2025-06-22 19:53:27.2292 TRACE Action Filter: After executing OnActionExecuted on filter Microsoft.AspNetCore.Mvc.Infrastructure.ModelStateInvalidFilter. 
2025-06-22 19:53:27.2292 TRACE Action Filter: Before executing OnActionExecuted on filter Microsoft.AspNetCore.Mvc.ModelBinding.UnsupportedContentTypeFilter. 
2025-06-22 19:53:27.2292 TRACE Action Filter: After executing OnActionExecuted on filter Microsoft.AspNetCore.Mvc.ModelBinding.UnsupportedContentTypeFilter. 
2025-06-22 19:53:27.2292 TRACE Result Filter: Before executing OnResultExecuting on filter Microsoft.AspNetCore.Mvc.Infrastructure.ClientErrorResultFilter. 
2025-06-22 19:53:27.2292 TRACE Result Filter: After executing OnResultExecuting on filter Microsoft.AspNetCore.Mvc.Infrastructure.ClientErrorResultFilter. 
2025-06-22 19:53:27.2292 TRACE Before executing action result Microsoft.AspNetCore.Mvc.OkObjectResult. 
2025-06-22 19:53:27.2292 DEBUG List of registered output formatters, in the following order: Microsoft.AspNetCore.Mvc.Formatters.HttpNoContentOutputFormatter, Microsoft.AspNetCore.Mvc.Formatters.StringOutputFormatter, Microsoft.AspNetCore.Mvc.Formatters.StreamOutputFormatter, Microsoft.AspNetCore.Mvc.Formatters.SystemTextJsonOutputFormatter 
2025-06-22 19:53:27.2292 DEBUG No information found on request to perform content negotiation. 
2025-06-22 19:53:27.2292 DEBUG Attempting to select an output formatter without using a content type as no explicit content types were specified for the response. 
2025-06-22 19:53:27.2292 DEBUG Attempting to select the first formatter in the output formatters list which can write the result. 
2025-06-22 19:53:27.2292 DEBUG Selected output formatter 'Microsoft.AspNetCore.Mvc.Formatters.SystemTextJsonOutputFormatter' and content type 'application/json' to write the response. 
2025-06-22 19:53:27.2292 INFO Executing OkObjectResult, writing value of type 'Microsoft.EntityFrameworkCore.Internal.InternalDbSet`1[[ApiAspNet.Entities.Flotte, ApiAspNet, Version=1.0.0.0, Culture=neutral, PublicKeyToken=null]]'. 
2025-06-22 19:53:27.2534 TRACE After executing action result Microsoft.AspNetCore.Mvc.OkObjectResult. 
2025-06-22 19:53:27.2534 TRACE Result Filter: Before executing OnResultExecuted on filter Microsoft.AspNetCore.Mvc.Infrastructure.ClientErrorResultFilter. 
2025-06-22 19:53:27.2534 TRACE Result Filter: After executing OnResultExecuted on filter Microsoft.AspNetCore.Mvc.Infrastructure.ClientErrorResultFilter. 
2025-06-22 19:53:27.2534 INFO Executed action ApiAspNet.Controllers.FlotteController.GetAll (ApiAspNet) in 28.9074ms 
2025-06-22 19:53:27.2534 INFO Executed endpoint 'ApiAspNet.Controllers.FlotteController.GetAll (ApiAspNet)' 
2025-06-22 19:53:27.2623 INFO Request finished HTTP/2 GET https://localhost:44384/api/Flotte - 200 - application/json;+charset=utf-8 41.5400ms 
2025-06-22 19:53:28.6779 INFO Request starting HTTP/2 GET https://localhost:44384/api/Agence - - - 
2025-06-22 19:53:28.6779 TRACE All hosts are allowed. 
2025-06-22 19:53:28.6779 DEBUG 1 candidate(s) found for the request path '/api/Agence' 
2025-06-22 19:53:28.6779 DEBUG Endpoint 'ApiAspNet.Controllers.AgenceController.GetAll (ApiAspNet)' with route pattern 'api/Agence' is valid for the request path '/api/Agence' 
2025-06-22 19:53:28.6779 DEBUG Request matched endpoint 'ApiAspNet.Controllers.AgenceController.GetAll (ApiAspNet)' 
2025-06-22 19:53:28.6779 TRACE The endpoint does not specify the IRequestSizeLimitMetadata. 
2025-06-22 19:53:28.6779 DEBUG Static files was skipped as the request already matched an endpoint. 
2025-06-22 19:53:28.6779 DEBUG The request has an origin header: 'http://localhost:4200'. 
2025-06-22 19:53:28.6779 INFO CORS policy execution successful. 
2025-06-22 19:53:28.6779 INFO Executing endpoint 'ApiAspNet.Controllers.AgenceController.GetAll (ApiAspNet)' 
2025-06-22 19:53:28.6779 INFO Route matched with {action = "GetAll", controller = "Agence"}. Executing controller action with signature Microsoft.AspNetCore.Mvc.IActionResult GetAll() on controller ApiAspNet.Controllers.AgenceController (ApiAspNet). 
2025-06-22 19:53:28.6779 DEBUG Execution plan of authorization filters (in the following order): None 
2025-06-22 19:53:28.6779 DEBUG Execution plan of resource filters (in the following order): None 
2025-06-22 19:53:28.6809 DEBUG Execution plan of action filters (in the following order): Microsoft.AspNetCore.Mvc.ModelBinding.UnsupportedContentTypeFilter (Order: -3000), Microsoft.AspNetCore.Mvc.Infrastructure.ModelStateInvalidFilter (Order: -2000) 
2025-06-22 19:53:28.6809 DEBUG Execution plan of exception filters (in the following order): None 
2025-06-22 19:53:28.6809 DEBUG Execution plan of result filters (in the following order): Microsoft.AspNetCore.Mvc.Infrastructure.ClientErrorResultFilter (Order: -2000) 
2025-06-22 19:53:28.6809 DEBUG Executing controller factory for controller ApiAspNet.Controllers.AgenceController (ApiAspNet) 
2025-06-22 19:53:28.6809 DEBUG Executed controller factory for controller ApiAspNet.Controllers.AgenceController (ApiAspNet) 
2025-06-22 19:53:28.6809 TRACE Action Filter: Before executing OnActionExecuting on filter Microsoft.AspNetCore.Mvc.ModelBinding.UnsupportedContentTypeFilter. 
2025-06-22 19:53:28.6809 TRACE Action Filter: After executing OnActionExecuting on filter Microsoft.AspNetCore.Mvc.ModelBinding.UnsupportedContentTypeFilter. 
2025-06-22 19:53:28.6809 TRACE Action Filter: Before executing OnActionExecuting on filter Microsoft.AspNetCore.Mvc.Infrastructure.ModelStateInvalidFilter. 
2025-06-22 19:53:28.6809 TRACE Action Filter: After executing OnActionExecuting on filter Microsoft.AspNetCore.Mvc.Infrastructure.ModelStateInvalidFilter. 
2025-06-22 19:53:28.6809 INFO Executing action method ApiAspNet.Controllers.AgenceController.GetAll (ApiAspNet) - Validation state: Valid 
2025-06-22 19:53:28.6809 INFO Executed action method ApiAspNet.Controllers.AgenceController.GetAll (ApiAspNet), returned result Microsoft.AspNetCore.Mvc.OkObjectResult in 1.8772ms. 
2025-06-22 19:53:28.6809 TRACE Action Filter: Before executing OnActionExecuted on filter Microsoft.AspNetCore.Mvc.Infrastructure.ModelStateInvalidFilter. 
2025-06-22 19:53:28.6809 TRACE Action Filter: After executing OnActionExecuted on filter Microsoft.AspNetCore.Mvc.Infrastructure.ModelStateInvalidFilter. 
2025-06-22 19:53:28.6809 TRACE Action Filter: Before executing OnActionExecuted on filter Microsoft.AspNetCore.Mvc.ModelBinding.UnsupportedContentTypeFilter. 
2025-06-22 19:53:28.6809 TRACE Action Filter: After executing OnActionExecuted on filter Microsoft.AspNetCore.Mvc.ModelBinding.UnsupportedContentTypeFilter. 
2025-06-22 19:53:28.6809 TRACE Result Filter: Before executing OnResultExecuting on filter Microsoft.AspNetCore.Mvc.Infrastructure.ClientErrorResultFilter. 
2025-06-22 19:53:28.6809 TRACE Result Filter: After executing OnResultExecuting on filter Microsoft.AspNetCore.Mvc.Infrastructure.ClientErrorResultFilter. 
2025-06-22 19:53:28.6809 TRACE Before executing action result Microsoft.AspNetCore.Mvc.OkObjectResult. 
2025-06-22 19:53:28.6809 DEBUG List of registered output formatters, in the following order: Microsoft.AspNetCore.Mvc.Formatters.HttpNoContentOutputFormatter, Microsoft.AspNetCore.Mvc.Formatters.StringOutputFormatter, Microsoft.AspNetCore.Mvc.Formatters.StreamOutputFormatter, Microsoft.AspNetCore.Mvc.Formatters.SystemTextJsonOutputFormatter 
2025-06-22 19:53:28.6809 DEBUG No information found on request to perform content negotiation. 
2025-06-22 19:53:28.6809 DEBUG Attempting to select an output formatter without using a content type as no explicit content types were specified for the response. 
2025-06-22 19:53:28.6809 DEBUG Attempting to select the first formatter in the output formatters list which can write the result. 
2025-06-22 19:53:28.6809 DEBUG Selected output formatter 'Microsoft.AspNetCore.Mvc.Formatters.SystemTextJsonOutputFormatter' and content type 'application/json' to write the response. 
2025-06-22 19:53:28.6809 INFO Executing OkObjectResult, writing value of type 'System.Collections.Generic.List`1[[ApiAspNet.Entities.Agence, ApiAspNet, Version=1.0.0.0, Culture=neutral, PublicKeyToken=null]]'. 
2025-06-22 19:53:28.6809 TRACE After executing action result Microsoft.AspNetCore.Mvc.OkObjectResult. 
2025-06-22 19:53:28.6809 TRACE Result Filter: Before executing OnResultExecuted on filter Microsoft.AspNetCore.Mvc.Infrastructure.ClientErrorResultFilter. 
2025-06-22 19:53:28.6809 TRACE Result Filter: After executing OnResultExecuted on filter Microsoft.AspNetCore.Mvc.Infrastructure.ClientErrorResultFilter. 
2025-06-22 19:53:28.6809 INFO Executed action ApiAspNet.Controllers.AgenceController.GetAll (ApiAspNet) in 3.0287ms 
2025-06-22 19:53:28.6809 INFO Executed endpoint 'ApiAspNet.Controllers.AgenceController.GetAll (ApiAspNet)' 
2025-06-22 19:53:28.6809 INFO Request finished HTTP/2 GET https://localhost:44384/api/Agence - 200 - application/json;+charset=utf-8 6.3107ms 
2025-06-22 19:57:59.0800 INFO Request starting HTTP/2 OPTIONS https://localhost:44384/api/Agence - - - 
2025-06-22 19:57:59.0800 TRACE All hosts are allowed. 
2025-06-22 19:57:59.0800 DEBUG 1 candidate(s) found for the request path '/api/Agence' 
2025-06-22 19:57:59.0800 DEBUG Request matched endpoint '405 HTTP Method Not Supported' 
2025-06-22 19:57:59.0800 TRACE The endpoint does not specify the IRequestSizeLimitMetadata. 
2025-06-22 19:57:59.0800 DEBUG Static files was skipped as the request already matched an endpoint. 
2025-06-22 19:57:59.0800 DEBUG The request has an origin header: 'http://localhost:4200'. 
2025-06-22 19:57:59.0800 INFO CORS policy execution successful. 
2025-06-22 19:57:59.0898 DEBUG The request is a preflight request. 
2025-06-22 19:57:59.0898 INFO Request finished HTTP/2 OPTIONS https://localhost:44384/api/Agence - 204 - - 15.4344ms 
2025-06-22 19:57:59.0898 INFO Request starting HTTP/2 POST https://localhost:44384/api/Agence - application/json 152 
2025-06-22 19:57:59.0898 TRACE All hosts are allowed. 
2025-06-22 19:57:59.0898 DEBUG 1 candidate(s) found for the request path '/api/Agence' 
2025-06-22 19:57:59.0898 DEBUG Endpoint 'ApiAspNet.Controllers.AgenceController.Create (ApiAspNet)' with route pattern 'api/Agence' is valid for the request path '/api/Agence' 
2025-06-22 19:57:59.0898 DEBUG Request matched endpoint 'ApiAspNet.Controllers.AgenceController.Create (ApiAspNet)' 
2025-06-22 19:57:59.0898 TRACE The endpoint does not specify the IRequestSizeLimitMetadata. 
2025-06-22 19:57:59.0898 DEBUG Static files was skipped as the request already matched an endpoint. 
2025-06-22 19:57:59.0898 DEBUG The request has an origin header: 'http://localhost:4200'. 
2025-06-22 19:57:59.0898 INFO CORS policy execution successful. 
2025-06-22 19:57:59.0898 INFO Executing endpoint 'ApiAspNet.Controllers.AgenceController.Create (ApiAspNet)' 
2025-06-22 19:57:59.0898 INFO Route matched with {action = "Create", controller = "Agence"}. Executing controller action with signature Microsoft.AspNetCore.Mvc.IActionResult Create(ApiAspNet.Models.Agence.CreateAgenceRequest) on controller ApiAspNet.Controllers.AgenceController (ApiAspNet). 
2025-06-22 19:57:59.0898 DEBUG Execution plan of authorization filters (in the following order): None 
2025-06-22 19:57:59.0898 DEBUG Execution plan of resource filters (in the following order): None 
2025-06-22 19:57:59.0898 DEBUG Execution plan of action filters (in the following order): Microsoft.AspNetCore.Mvc.ModelBinding.UnsupportedContentTypeFilter (Order: -3000), Microsoft.AspNetCore.Mvc.Infrastructure.ModelStateInvalidFilter (Order: -2000) 
2025-06-22 19:57:59.0898 DEBUG Execution plan of exception filters (in the following order): None 
2025-06-22 19:57:59.0898 DEBUG Execution plan of result filters (in the following order): Microsoft.AspNetCore.Mvc.Infrastructure.ClientErrorResultFilter (Order: -2000) 
2025-06-22 19:57:59.0898 DEBUG Executing controller factory for controller ApiAspNet.Controllers.AgenceController (ApiAspNet) 
2025-06-22 19:57:59.0898 DEBUG Executed controller factory for controller ApiAspNet.Controllers.AgenceController (ApiAspNet) 
2025-06-22 19:57:59.1469 DEBUG Attempting to bind parameter 'model' of type 'ApiAspNet.Models.Agence.CreateAgenceRequest' ... 
2025-06-22 19:57:59.1601 DEBUG Attempting to bind parameter 'model' of type 'ApiAspNet.Models.Agence.CreateAgenceRequest' using the name '' in request data ... 
2025-06-22 19:57:59.1601 DEBUG Selected input formatter 'Microsoft.AspNetCore.Mvc.Formatters.SystemTextJsonInputFormatter' for content type 'application/json'. 
2025-06-22 19:57:59.2105 DEBUG JSON input formatter succeeded, deserializing to type 'ApiAspNet.Models.Agence.CreateAgenceRequest' 
2025-06-22 19:57:59.2113 DEBUG Done attempting to bind parameter 'model' of type 'ApiAspNet.Models.Agence.CreateAgenceRequest'. 
2025-06-22 19:57:59.2113 DEBUG Done attempting to bind parameter 'model' of type 'ApiAspNet.Models.Agence.CreateAgenceRequest'. 
2025-06-22 19:57:59.2113 DEBUG Attempting to validate the bound parameter 'model' of type 'ApiAspNet.Models.Agence.CreateAgenceRequest' ... 
2025-06-22 19:57:59.2113 DEBUG Done attempting to validate the bound parameter 'model' of type 'ApiAspNet.Models.Agence.CreateAgenceRequest'. 
2025-06-22 19:57:59.2113 TRACE Action Filter: Before executing OnActionExecuting on filter Microsoft.AspNetCore.Mvc.ModelBinding.UnsupportedContentTypeFilter. 
2025-06-22 19:57:59.2113 TRACE Action Filter: After executing OnActionExecuting on filter Microsoft.AspNetCore.Mvc.ModelBinding.UnsupportedContentTypeFilter. 
2025-06-22 19:57:59.2113 TRACE Action Filter: Before executing OnActionExecuting on filter Microsoft.AspNetCore.Mvc.Infrastructure.ModelStateInvalidFilter. 
2025-06-22 19:57:59.2113 TRACE Action Filter: After executing OnActionExecuting on filter Microsoft.AspNetCore.Mvc.Infrastructure.ModelStateInvalidFilter. 
2025-06-22 19:57:59.2113 INFO Executing action method ApiAspNet.Controllers.AgenceController.Create (ApiAspNet) - Validation state: Valid 
2025-06-22 19:57:59.2259 TRACE Executing action method ApiAspNet.Controllers.AgenceController.Create (ApiAspNet) with arguments (ApiAspNet.Models.Agence.CreateAgenceRequest) 
2025-06-22 19:57:59.4930 INFO Executed action method ApiAspNet.Controllers.AgenceController.Create (ApiAspNet), returned result Microsoft.AspNetCore.Mvc.OkObjectResult in 267.0962ms. 
2025-06-22 19:57:59.4930 TRACE Action Filter: Before executing OnActionExecuted on filter Microsoft.AspNetCore.Mvc.Infrastructure.ModelStateInvalidFilter. 
2025-06-22 19:57:59.4930 TRACE Action Filter: After executing OnActionExecuted on filter Microsoft.AspNetCore.Mvc.Infrastructure.ModelStateInvalidFilter. 
2025-06-22 19:57:59.4930 TRACE Action Filter: Before executing OnActionExecuted on filter Microsoft.AspNetCore.Mvc.ModelBinding.UnsupportedContentTypeFilter. 
2025-06-22 19:57:59.4930 TRACE Action Filter: After executing OnActionExecuted on filter Microsoft.AspNetCore.Mvc.ModelBinding.UnsupportedContentTypeFilter. 
2025-06-22 19:57:59.4930 TRACE Result Filter: Before executing OnResultExecuting on filter Microsoft.AspNetCore.Mvc.Infrastructure.ClientErrorResultFilter. 
2025-06-22 19:57:59.4930 TRACE Result Filter: After executing OnResultExecuting on filter Microsoft.AspNetCore.Mvc.Infrastructure.ClientErrorResultFilter. 
2025-06-22 19:57:59.4930 TRACE Before executing action result Microsoft.AspNetCore.Mvc.OkObjectResult. 
2025-06-22 19:57:59.4930 DEBUG List of registered output formatters, in the following order: Microsoft.AspNetCore.Mvc.Formatters.HttpNoContentOutputFormatter, Microsoft.AspNetCore.Mvc.Formatters.StringOutputFormatter, Microsoft.AspNetCore.Mvc.Formatters.StreamOutputFormatter, Microsoft.AspNetCore.Mvc.Formatters.SystemTextJsonOutputFormatter 
2025-06-22 19:57:59.4930 DEBUG No information found on request to perform content negotiation. 
2025-06-22 19:57:59.4930 DEBUG Attempting to select an output formatter without using a content type as no explicit content types were specified for the response. 
2025-06-22 19:57:59.4930 DEBUG Attempting to select the first formatter in the output formatters list which can write the result. 
2025-06-22 19:57:59.4930 DEBUG Selected output formatter 'Microsoft.AspNetCore.Mvc.Formatters.SystemTextJsonOutputFormatter' and content type 'application/json' to write the response. 
2025-06-22 19:57:59.4930 INFO Executing OkObjectResult, writing value of type '<>f__AnonymousType0`1[[System.String, System.Private.CoreLib, Version=8.0.0.0, Culture=neutral, PublicKeyToken=7cec85d7bea7798e]]'. 
2025-06-22 19:57:59.4930 TRACE After executing action result Microsoft.AspNetCore.Mvc.OkObjectResult. 
2025-06-22 19:57:59.4930 TRACE Result Filter: Before executing OnResultExecuted on filter Microsoft.AspNetCore.Mvc.Infrastructure.ClientErrorResultFilter. 
2025-06-22 19:57:59.4930 TRACE Result Filter: After executing OnResultExecuted on filter Microsoft.AspNetCore.Mvc.Infrastructure.ClientErrorResultFilter. 
2025-06-22 19:57:59.4930 INFO Executed action ApiAspNet.Controllers.AgenceController.Create (ApiAspNet) in 392.0829ms 
2025-06-22 19:57:59.4930 INFO Executed endpoint 'ApiAspNet.Controllers.AgenceController.Create (ApiAspNet)' 
2025-06-22 19:57:59.4930 INFO Request finished HTTP/2 POST https://localhost:44384/api/Agence - 200 - application/json;+charset=utf-8 393.9842ms 
2025-06-22 19:57:59.4930 INFO Request starting HTTP/2 GET https://localhost:44384/api/Agence - - - 
2025-06-22 19:57:59.4930 TRACE All hosts are allowed. 
2025-06-22 19:57:59.4930 DEBUG 1 candidate(s) found for the request path '/api/Agence' 
2025-06-22 19:57:59.4930 DEBUG Endpoint 'ApiAspNet.Controllers.AgenceController.GetAll (ApiAspNet)' with route pattern 'api/Agence' is valid for the request path '/api/Agence' 
2025-06-22 19:57:59.4930 DEBUG Request matched endpoint 'ApiAspNet.Controllers.AgenceController.GetAll (ApiAspNet)' 
2025-06-22 19:57:59.4930 TRACE The endpoint does not specify the IRequestSizeLimitMetadata. 
2025-06-22 19:57:59.4930 DEBUG Static files was skipped as the request already matched an endpoint. 
2025-06-22 19:57:59.4930 DEBUG The request has an origin header: 'http://localhost:4200'. 
2025-06-22 19:57:59.4930 INFO CORS policy execution successful. 
2025-06-22 19:57:59.4930 INFO Executing endpoint 'ApiAspNet.Controllers.AgenceController.GetAll (ApiAspNet)' 
2025-06-22 19:57:59.4930 INFO Route matched with {action = "GetAll", controller = "Agence"}. Executing controller action with signature Microsoft.AspNetCore.Mvc.IActionResult GetAll() on controller ApiAspNet.Controllers.AgenceController (ApiAspNet). 
2025-06-22 19:57:59.4930 DEBUG Execution plan of authorization filters (in the following order): None 
2025-06-22 19:57:59.4930 DEBUG Execution plan of resource filters (in the following order): None 
2025-06-22 19:57:59.4930 DEBUG Execution plan of action filters (in the following order): Microsoft.AspNetCore.Mvc.ModelBinding.UnsupportedContentTypeFilter (Order: -3000), Microsoft.AspNetCore.Mvc.Infrastructure.ModelStateInvalidFilter (Order: -2000) 
2025-06-22 19:57:59.4930 DEBUG Execution plan of exception filters (in the following order): None 
2025-06-22 19:57:59.4930 DEBUG Execution plan of result filters (in the following order): Microsoft.AspNetCore.Mvc.Infrastructure.ClientErrorResultFilter (Order: -2000) 
2025-06-22 19:57:59.4930 DEBUG Executing controller factory for controller ApiAspNet.Controllers.AgenceController (ApiAspNet) 
2025-06-22 19:57:59.4930 DEBUG Executed controller factory for controller ApiAspNet.Controllers.AgenceController (ApiAspNet) 
2025-06-22 19:57:59.4930 TRACE Action Filter: Before executing OnActionExecuting on filter Microsoft.AspNetCore.Mvc.ModelBinding.UnsupportedContentTypeFilter. 
2025-06-22 19:57:59.4930 TRACE Action Filter: After executing OnActionExecuting on filter Microsoft.AspNetCore.Mvc.ModelBinding.UnsupportedContentTypeFilter. 
2025-06-22 19:57:59.4930 TRACE Action Filter: Before executing OnActionExecuting on filter Microsoft.AspNetCore.Mvc.Infrastructure.ModelStateInvalidFilter. 
2025-06-22 19:57:59.4930 TRACE Action Filter: After executing OnActionExecuting on filter Microsoft.AspNetCore.Mvc.Infrastructure.ModelStateInvalidFilter. 
2025-06-22 19:57:59.4930 INFO Executing action method ApiAspNet.Controllers.AgenceController.GetAll (ApiAspNet) - Validation state: Valid 
2025-06-22 19:57:59.4930 INFO Executed action method ApiAspNet.Controllers.AgenceController.GetAll (ApiAspNet), returned result Microsoft.AspNetCore.Mvc.OkObjectResult in 1.0281ms. 
2025-06-22 19:57:59.4930 TRACE Action Filter: Before executing OnActionExecuted on filter Microsoft.AspNetCore.Mvc.Infrastructure.ModelStateInvalidFilter. 
2025-06-22 19:57:59.4930 TRACE Action Filter: After executing OnActionExecuted on filter Microsoft.AspNetCore.Mvc.Infrastructure.ModelStateInvalidFilter. 
2025-06-22 19:57:59.4930 TRACE Action Filter: Before executing OnActionExecuted on filter Microsoft.AspNetCore.Mvc.ModelBinding.UnsupportedContentTypeFilter. 
2025-06-22 19:57:59.4930 TRACE Action Filter: After executing OnActionExecuted on filter Microsoft.AspNetCore.Mvc.ModelBinding.UnsupportedContentTypeFilter. 
2025-06-22 19:57:59.4930 TRACE Result Filter: Before executing OnResultExecuting on filter Microsoft.AspNetCore.Mvc.Infrastructure.ClientErrorResultFilter. 
2025-06-22 19:57:59.4930 TRACE Result Filter: After executing OnResultExecuting on filter Microsoft.AspNetCore.Mvc.Infrastructure.ClientErrorResultFilter. 
2025-06-22 19:57:59.4930 TRACE Before executing action result Microsoft.AspNetCore.Mvc.OkObjectResult. 
2025-06-22 19:57:59.4930 DEBUG List of registered output formatters, in the following order: Microsoft.AspNetCore.Mvc.Formatters.HttpNoContentOutputFormatter, Microsoft.AspNetCore.Mvc.Formatters.StringOutputFormatter, Microsoft.AspNetCore.Mvc.Formatters.StreamOutputFormatter, Microsoft.AspNetCore.Mvc.Formatters.SystemTextJsonOutputFormatter 
2025-06-22 19:57:59.4930 DEBUG No information found on request to perform content negotiation. 
2025-06-22 19:57:59.4930 DEBUG Attempting to select an output formatter without using a content type as no explicit content types were specified for the response. 
2025-06-22 19:57:59.4930 DEBUG Attempting to select the first formatter in the output formatters list which can write the result. 
2025-06-22 19:57:59.4930 DEBUG Selected output formatter 'Microsoft.AspNetCore.Mvc.Formatters.SystemTextJsonOutputFormatter' and content type 'application/json' to write the response. 
2025-06-22 19:57:59.4930 INFO Executing OkObjectResult, writing value of type 'System.Collections.Generic.List`1[[ApiAspNet.Entities.Agence, ApiAspNet, Version=1.0.0.0, Culture=neutral, PublicKeyToken=null]]'. 
2025-06-22 19:57:59.4930 TRACE After executing action result Microsoft.AspNetCore.Mvc.OkObjectResult. 
2025-06-22 19:57:59.4930 TRACE Result Filter: Before executing OnResultExecuted on filter Microsoft.AspNetCore.Mvc.Infrastructure.ClientErrorResultFilter. 
2025-06-22 19:57:59.4930 TRACE Result Filter: After executing OnResultExecuted on filter Microsoft.AspNetCore.Mvc.Infrastructure.ClientErrorResultFilter. 
2025-06-22 19:57:59.4930 INFO Executed action ApiAspNet.Controllers.AgenceController.GetAll (ApiAspNet) in 1.6978ms 
2025-06-22 19:57:59.4930 INFO Executed endpoint 'ApiAspNet.Controllers.AgenceController.GetAll (ApiAspNet)' 
2025-06-22 19:57:59.4930 INFO Request finished HTTP/2 GET https://localhost:44384/api/Agence - 200 - application/json;+charset=utf-8 2.1682ms 
2025-06-22 19:58:36.4403 INFO Request starting HTTP/2 OPTIONS https://localhost:44384/api/Agence/9 - - - 
2025-06-22 19:58:36.4403 TRACE All hosts are allowed. 
2025-06-22 19:58:36.4403 DEBUG 1 candidate(s) found for the request path '/api/Agence/9' 
2025-06-22 19:58:36.4704 DEBUG Request matched endpoint '405 HTTP Method Not Supported' 
2025-06-22 19:58:36.4704 TRACE The endpoint does not specify the IRequestSizeLimitMetadata. 
2025-06-22 19:58:36.4704 DEBUG Static files was skipped as the request already matched an endpoint. 
2025-06-22 19:58:36.4704 DEBUG The request has an origin header: 'http://localhost:4200'. 
2025-06-22 19:58:36.4704 INFO CORS policy execution successful. 
2025-06-22 19:58:36.4704 DEBUG The request is a preflight request. 
2025-06-22 19:58:36.4704 INFO Request finished HTTP/2 OPTIONS https://localhost:44384/api/Agence/9 - 204 - - 30.4307ms 
2025-06-22 19:58:36.4704 INFO Request starting HTTP/2 PUT https://localhost:44384/api/Agence/9 - application/json 151 
2025-06-22 19:58:36.4704 TRACE All hosts are allowed. 
2025-06-22 19:58:36.4704 DEBUG 1 candidate(s) found for the request path '/api/Agence/9' 
2025-06-22 19:58:36.4704 DEBUG Endpoint 'ApiAspNet.Controllers.AgenceController.Update (ApiAspNet)' with route pattern 'api/Agence/{id}' is valid for the request path '/api/Agence/9' 
2025-06-22 19:58:36.4704 DEBUG Request matched endpoint 'ApiAspNet.Controllers.AgenceController.Update (ApiAspNet)' 
2025-06-22 19:58:36.4704 TRACE The endpoint does not specify the IRequestSizeLimitMetadata. 
2025-06-22 19:58:36.4704 DEBUG Static files was skipped as the request already matched an endpoint. 
2025-06-22 19:58:36.4704 DEBUG The request has an origin header: 'http://localhost:4200'. 
2025-06-22 19:58:36.4704 INFO CORS policy execution successful. 
2025-06-22 19:58:36.4704 INFO Executing endpoint 'ApiAspNet.Controllers.AgenceController.Update (ApiAspNet)' 
2025-06-22 19:58:36.4704 INFO Route matched with {action = "Update", controller = "Agence"}. Executing controller action with signature Microsoft.AspNetCore.Mvc.IActionResult Update(Int32, ApiAspNet.Models.Agence.UpdateAgenceRequest) on controller ApiAspNet.Controllers.AgenceController (ApiAspNet). 
2025-06-22 19:58:36.4704 DEBUG Execution plan of authorization filters (in the following order): None 
2025-06-22 19:58:36.4704 DEBUG Execution plan of resource filters (in the following order): None 
2025-06-22 19:58:36.4704 DEBUG Execution plan of action filters (in the following order): Microsoft.AspNetCore.Mvc.ModelBinding.UnsupportedContentTypeFilter (Order: -3000), Microsoft.AspNetCore.Mvc.Infrastructure.ModelStateInvalidFilter (Order: -2000) 
2025-06-22 19:58:36.4704 DEBUG Execution plan of exception filters (in the following order): None 
2025-06-22 19:58:36.4704 DEBUG Execution plan of result filters (in the following order): Microsoft.AspNetCore.Mvc.Infrastructure.ClientErrorResultFilter (Order: -2000) 
2025-06-22 19:58:36.4704 DEBUG Executing controller factory for controller ApiAspNet.Controllers.AgenceController (ApiAspNet) 
2025-06-22 19:58:36.4704 DEBUG Executed controller factory for controller ApiAspNet.Controllers.AgenceController (ApiAspNet) 
2025-06-22 19:58:36.4704 DEBUG Attempting to bind parameter 'id' of type 'System.Int32' ... 
2025-06-22 19:58:36.4704 DEBUG Attempting to bind parameter 'id' of type 'System.Int32' using the name 'id' in request data ... 
2025-06-22 19:58:36.4871 DEBUG Done attempting to bind parameter 'id' of type 'System.Int32'. 
2025-06-22 19:58:36.4871 DEBUG Done attempting to bind parameter 'id' of type 'System.Int32'. 
2025-06-22 19:58:36.4871 DEBUG Attempting to validate the bound parameter 'id' of type 'System.Int32' ... 
2025-06-22 19:58:36.4871 DEBUG Done attempting to validate the bound parameter 'id' of type 'System.Int32'. 
2025-06-22 19:58:36.4871 DEBUG Attempting to bind parameter 'model' of type 'ApiAspNet.Models.Agence.UpdateAgenceRequest' ... 
2025-06-22 19:58:36.4871 DEBUG Attempting to bind parameter 'model' of type 'ApiAspNet.Models.Agence.UpdateAgenceRequest' using the name '' in request data ... 
2025-06-22 19:58:36.4871 DEBUG Selected input formatter 'Microsoft.AspNetCore.Mvc.Formatters.SystemTextJsonInputFormatter' for content type 'application/json'. 
2025-06-22 19:58:36.4871 DEBUG JSON input formatter succeeded, deserializing to type 'ApiAspNet.Models.Agence.UpdateAgenceRequest' 
2025-06-22 19:58:36.4871 DEBUG Done attempting to bind parameter 'model' of type 'ApiAspNet.Models.Agence.UpdateAgenceRequest'. 
2025-06-22 19:58:36.4871 DEBUG Done attempting to bind parameter 'model' of type 'ApiAspNet.Models.Agence.UpdateAgenceRequest'. 
2025-06-22 19:58:36.4871 DEBUG Attempting to validate the bound parameter 'model' of type 'ApiAspNet.Models.Agence.UpdateAgenceRequest' ... 
2025-06-22 19:58:36.4871 DEBUG Done attempting to validate the bound parameter 'model' of type 'ApiAspNet.Models.Agence.UpdateAgenceRequest'. 
2025-06-22 19:58:36.4871 TRACE Action Filter: Before executing OnActionExecuting on filter Microsoft.AspNetCore.Mvc.ModelBinding.UnsupportedContentTypeFilter. 
2025-06-22 19:58:36.4871 TRACE Action Filter: After executing OnActionExecuting on filter Microsoft.AspNetCore.Mvc.ModelBinding.UnsupportedContentTypeFilter. 
2025-06-22 19:58:36.4871 TRACE Action Filter: Before executing OnActionExecuting on filter Microsoft.AspNetCore.Mvc.Infrastructure.ModelStateInvalidFilter. 
2025-06-22 19:58:36.4871 TRACE Action Filter: After executing OnActionExecuting on filter Microsoft.AspNetCore.Mvc.Infrastructure.ModelStateInvalidFilter. 
2025-06-22 19:58:36.4871 INFO Executing action method ApiAspNet.Controllers.AgenceController.Update (ApiAspNet) - Validation state: Valid 
2025-06-22 19:58:36.4871 TRACE Executing action method ApiAspNet.Controllers.AgenceController.Update (ApiAspNet) with arguments (9, ApiAspNet.Models.Agence.UpdateAgenceRequest) 
2025-06-22 19:58:36.6643 INFO Executed action method ApiAspNet.Controllers.AgenceController.Update (ApiAspNet), returned result Microsoft.AspNetCore.Mvc.OkObjectResult in 169.6719ms. 
2025-06-22 19:58:36.6643 TRACE Action Filter: Before executing OnActionExecuted on filter Microsoft.AspNetCore.Mvc.Infrastructure.ModelStateInvalidFilter. 
2025-06-22 19:58:36.6643 TRACE Action Filter: After executing OnActionExecuted on filter Microsoft.AspNetCore.Mvc.Infrastructure.ModelStateInvalidFilter. 
2025-06-22 19:58:36.6643 TRACE Action Filter: Before executing OnActionExecuted on filter Microsoft.AspNetCore.Mvc.ModelBinding.UnsupportedContentTypeFilter. 
2025-06-22 19:58:36.6643 TRACE Action Filter: After executing OnActionExecuted on filter Microsoft.AspNetCore.Mvc.ModelBinding.UnsupportedContentTypeFilter. 
2025-06-22 19:58:36.6643 TRACE Result Filter: Before executing OnResultExecuting on filter Microsoft.AspNetCore.Mvc.Infrastructure.ClientErrorResultFilter. 
2025-06-22 19:58:36.6643 TRACE Result Filter: After executing OnResultExecuting on filter Microsoft.AspNetCore.Mvc.Infrastructure.ClientErrorResultFilter. 
2025-06-22 19:58:36.6643 TRACE Before executing action result Microsoft.AspNetCore.Mvc.OkObjectResult. 
2025-06-22 19:58:36.6643 DEBUG List of registered output formatters, in the following order: Microsoft.AspNetCore.Mvc.Formatters.HttpNoContentOutputFormatter, Microsoft.AspNetCore.Mvc.Formatters.StringOutputFormatter, Microsoft.AspNetCore.Mvc.Formatters.StreamOutputFormatter, Microsoft.AspNetCore.Mvc.Formatters.SystemTextJsonOutputFormatter 
2025-06-22 19:58:36.6643 DEBUG No information found on request to perform content negotiation. 
2025-06-22 19:58:36.6643 DEBUG Attempting to select an output formatter without using a content type as no explicit content types were specified for the response. 
2025-06-22 19:58:36.6643 DEBUG Attempting to select the first formatter in the output formatters list which can write the result. 
2025-06-22 19:58:36.6643 DEBUG Selected output formatter 'Microsoft.AspNetCore.Mvc.Formatters.SystemTextJsonOutputFormatter' and content type 'application/json' to write the response. 
2025-06-22 19:58:36.6643 INFO Executing OkObjectResult, writing value of type '<>f__AnonymousType0`1[[System.String, System.Private.CoreLib, Version=8.0.0.0, Culture=neutral, PublicKeyToken=7cec85d7bea7798e]]'. 
2025-06-22 19:58:36.6643 TRACE After executing action result Microsoft.AspNetCore.Mvc.OkObjectResult. 
2025-06-22 19:58:36.6643 TRACE Result Filter: Before executing OnResultExecuted on filter Microsoft.AspNetCore.Mvc.Infrastructure.ClientErrorResultFilter. 
2025-06-22 19:58:36.6643 TRACE Result Filter: After executing OnResultExecuted on filter Microsoft.AspNetCore.Mvc.Infrastructure.ClientErrorResultFilter. 
2025-06-22 19:58:36.6643 INFO Executed action ApiAspNet.Controllers.AgenceController.Update (ApiAspNet) in 185.9642ms 
2025-06-22 19:58:36.6643 INFO Executed endpoint 'ApiAspNet.Controllers.AgenceController.Update (ApiAspNet)' 
2025-06-22 19:58:36.6643 INFO Request finished HTTP/2 PUT https://localhost:44384/api/Agence/9 - 200 - application/json;+charset=utf-8 188.5033ms 
2025-06-22 19:58:36.6643 INFO Request starting HTTP/2 GET https://localhost:44384/api/Agence - - - 
2025-06-22 19:58:36.6643 TRACE All hosts are allowed. 
2025-06-22 19:58:36.6643 DEBUG 1 candidate(s) found for the request path '/api/Agence' 
2025-06-22 19:58:36.6643 DEBUG Endpoint 'ApiAspNet.Controllers.AgenceController.GetAll (ApiAspNet)' with route pattern 'api/Agence' is valid for the request path '/api/Agence' 
2025-06-22 19:58:36.6643 DEBUG Request matched endpoint 'ApiAspNet.Controllers.AgenceController.GetAll (ApiAspNet)' 
2025-06-22 19:58:36.6643 TRACE The endpoint does not specify the IRequestSizeLimitMetadata. 
2025-06-22 19:58:36.6643 DEBUG Static files was skipped as the request already matched an endpoint. 
2025-06-22 19:58:36.6643 DEBUG The request has an origin header: 'http://localhost:4200'. 
2025-06-22 19:58:36.6643 INFO CORS policy execution successful. 
2025-06-22 19:58:36.6643 INFO Executing endpoint 'ApiAspNet.Controllers.AgenceController.GetAll (ApiAspNet)' 
2025-06-22 19:58:36.6643 INFO Route matched with {action = "GetAll", controller = "Agence"}. Executing controller action with signature Microsoft.AspNetCore.Mvc.IActionResult GetAll() on controller ApiAspNet.Controllers.AgenceController (ApiAspNet). 
2025-06-22 19:58:36.6643 DEBUG Execution plan of authorization filters (in the following order): None 
2025-06-22 19:58:36.6643 DEBUG Execution plan of resource filters (in the following order): None 
2025-06-22 19:58:36.6643 DEBUG Execution plan of action filters (in the following order): Microsoft.AspNetCore.Mvc.ModelBinding.UnsupportedContentTypeFilter (Order: -3000), Microsoft.AspNetCore.Mvc.Infrastructure.ModelStateInvalidFilter (Order: -2000) 
2025-06-22 19:58:36.6643 DEBUG Execution plan of exception filters (in the following order): None 
2025-06-22 19:58:36.6643 DEBUG Execution plan of result filters (in the following order): Microsoft.AspNetCore.Mvc.Infrastructure.ClientErrorResultFilter (Order: -2000) 
2025-06-22 19:58:36.6643 DEBUG Executing controller factory for controller ApiAspNet.Controllers.AgenceController (ApiAspNet) 
2025-06-22 19:58:36.6643 DEBUG Executed controller factory for controller ApiAspNet.Controllers.AgenceController (ApiAspNet) 
2025-06-22 19:58:36.6643 TRACE Action Filter: Before executing OnActionExecuting on filter Microsoft.AspNetCore.Mvc.ModelBinding.UnsupportedContentTypeFilter. 
2025-06-22 19:58:36.6643 TRACE Action Filter: After executing OnActionExecuting on filter Microsoft.AspNetCore.Mvc.ModelBinding.UnsupportedContentTypeFilter. 
2025-06-22 19:58:36.6643 TRACE Action Filter: Before executing OnActionExecuting on filter Microsoft.AspNetCore.Mvc.Infrastructure.ModelStateInvalidFilter. 
2025-06-22 19:58:36.6643 TRACE Action Filter: After executing OnActionExecuting on filter Microsoft.AspNetCore.Mvc.Infrastructure.ModelStateInvalidFilter. 
2025-06-22 19:58:36.6643 INFO Executing action method ApiAspNet.Controllers.AgenceController.GetAll (ApiAspNet) - Validation state: Valid 
2025-06-22 19:58:36.6643 INFO Executed action method ApiAspNet.Controllers.AgenceController.GetAll (ApiAspNet), returned result Microsoft.AspNetCore.Mvc.OkObjectResult in 0.8334ms. 
2025-06-22 19:58:36.6643 TRACE Action Filter: Before executing OnActionExecuted on filter Microsoft.AspNetCore.Mvc.Infrastructure.ModelStateInvalidFilter. 
2025-06-22 19:58:36.6643 TRACE Action Filter: After executing OnActionExecuted on filter Microsoft.AspNetCore.Mvc.Infrastructure.ModelStateInvalidFilter. 
2025-06-22 19:58:36.6643 TRACE Action Filter: Before executing OnActionExecuted on filter Microsoft.AspNetCore.Mvc.ModelBinding.UnsupportedContentTypeFilter. 
2025-06-22 19:58:36.6643 TRACE Action Filter: After executing OnActionExecuted on filter Microsoft.AspNetCore.Mvc.ModelBinding.UnsupportedContentTypeFilter. 
2025-06-22 19:58:36.6643 TRACE Result Filter: Before executing OnResultExecuting on filter Microsoft.AspNetCore.Mvc.Infrastructure.ClientErrorResultFilter. 
2025-06-22 19:58:36.6643 TRACE Result Filter: After executing OnResultExecuting on filter Microsoft.AspNetCore.Mvc.Infrastructure.ClientErrorResultFilter. 
2025-06-22 19:58:36.6643 TRACE Before executing action result Microsoft.AspNetCore.Mvc.OkObjectResult. 
2025-06-22 19:58:36.6643 DEBUG List of registered output formatters, in the following order: Microsoft.AspNetCore.Mvc.Formatters.HttpNoContentOutputFormatter, Microsoft.AspNetCore.Mvc.Formatters.StringOutputFormatter, Microsoft.AspNetCore.Mvc.Formatters.StreamOutputFormatter, Microsoft.AspNetCore.Mvc.Formatters.SystemTextJsonOutputFormatter 
2025-06-22 19:58:36.6643 DEBUG No information found on request to perform content negotiation. 
2025-06-22 19:58:36.6643 DEBUG Attempting to select an output formatter without using a content type as no explicit content types were specified for the response. 
2025-06-22 19:58:36.6643 DEBUG Attempting to select the first formatter in the output formatters list which can write the result. 
2025-06-22 19:58:36.6643 DEBUG Selected output formatter 'Microsoft.AspNetCore.Mvc.Formatters.SystemTextJsonOutputFormatter' and content type 'application/json' to write the response. 
2025-06-22 19:58:36.6643 INFO Executing OkObjectResult, writing value of type 'System.Collections.Generic.List`1[[ApiAspNet.Entities.Agence, ApiAspNet, Version=1.0.0.0, Culture=neutral, PublicKeyToken=null]]'. 
2025-06-22 19:58:36.6643 TRACE After executing action result Microsoft.AspNetCore.Mvc.OkObjectResult. 
2025-06-22 19:58:36.6643 TRACE Result Filter: Before executing OnResultExecuted on filter Microsoft.AspNetCore.Mvc.Infrastructure.ClientErrorResultFilter. 
2025-06-22 19:58:36.6643 TRACE Result Filter: After executing OnResultExecuted on filter Microsoft.AspNetCore.Mvc.Infrastructure.ClientErrorResultFilter. 
2025-06-22 19:58:36.6643 INFO Executed action ApiAspNet.Controllers.AgenceController.GetAll (ApiAspNet) in 1.656ms 
2025-06-22 19:58:36.6643 INFO Executed endpoint 'ApiAspNet.Controllers.AgenceController.GetAll (ApiAspNet)' 
2025-06-22 19:58:36.6643 INFO Request finished HTTP/2 GET https://localhost:44384/api/Agence - 200 - application/json;+charset=utf-8 2.1333ms 
2025-06-22 19:58:54.3515 INFO Request starting HTTP/2 GET https://localhost:44384/api/Agence - - - 
2025-06-22 19:58:54.3515 TRACE All hosts are allowed. 
2025-06-22 19:58:54.3536 DEBUG 1 candidate(s) found for the request path '/api/Agence' 
2025-06-22 19:58:54.3536 DEBUG Endpoint 'ApiAspNet.Controllers.AgenceController.GetAll (ApiAspNet)' with route pattern 'api/Agence' is valid for the request path '/api/Agence' 
2025-06-22 19:58:54.3536 DEBUG Request matched endpoint 'ApiAspNet.Controllers.AgenceController.GetAll (ApiAspNet)' 
2025-06-22 19:58:54.3536 TRACE The endpoint does not specify the IRequestSizeLimitMetadata. 
2025-06-22 19:58:54.3536 DEBUG Static files was skipped as the request already matched an endpoint. 
2025-06-22 19:58:54.3536 INFO Executing endpoint 'ApiAspNet.Controllers.AgenceController.GetAll (ApiAspNet)' 
2025-06-22 19:58:54.3536 INFO Route matched with {action = "GetAll", controller = "Agence"}. Executing controller action with signature Microsoft.AspNetCore.Mvc.IActionResult GetAll() on controller ApiAspNet.Controllers.AgenceController (ApiAspNet). 
2025-06-22 19:58:54.3536 DEBUG Execution plan of authorization filters (in the following order): None 
2025-06-22 19:58:54.3536 DEBUG Execution plan of resource filters (in the following order): None 
2025-06-22 19:58:54.3536 DEBUG Execution plan of action filters (in the following order): Microsoft.AspNetCore.Mvc.ModelBinding.UnsupportedContentTypeFilter (Order: -3000), Microsoft.AspNetCore.Mvc.Infrastructure.ModelStateInvalidFilter (Order: -2000) 
2025-06-22 19:58:54.3536 DEBUG Execution plan of exception filters (in the following order): None 
2025-06-22 19:58:54.3536 DEBUG Execution plan of result filters (in the following order): Microsoft.AspNetCore.Mvc.Infrastructure.ClientErrorResultFilter (Order: -2000) 
2025-06-22 19:58:54.3536 DEBUG Executing controller factory for controller ApiAspNet.Controllers.AgenceController (ApiAspNet) 
2025-06-22 19:58:54.3536 DEBUG Executed controller factory for controller ApiAspNet.Controllers.AgenceController (ApiAspNet) 
2025-06-22 19:58:54.3536 TRACE Action Filter: Before executing OnActionExecuting on filter Microsoft.AspNetCore.Mvc.ModelBinding.UnsupportedContentTypeFilter. 
2025-06-22 19:58:54.3536 TRACE Action Filter: After executing OnActionExecuting on filter Microsoft.AspNetCore.Mvc.ModelBinding.UnsupportedContentTypeFilter. 
2025-06-22 19:58:54.3536 TRACE Action Filter: Before executing OnActionExecuting on filter Microsoft.AspNetCore.Mvc.Infrastructure.ModelStateInvalidFilter. 
2025-06-22 19:58:54.3536 TRACE Action Filter: After executing OnActionExecuting on filter Microsoft.AspNetCore.Mvc.Infrastructure.ModelStateInvalidFilter. 
2025-06-22 19:58:54.3536 INFO Executing action method ApiAspNet.Controllers.AgenceController.GetAll (ApiAspNet) - Validation state: Valid 
2025-06-22 19:58:54.3536 INFO Executed action method ApiAspNet.Controllers.AgenceController.GetAll (ApiAspNet), returned result Microsoft.AspNetCore.Mvc.OkObjectResult in 6.179ms. 
2025-06-22 19:58:54.3536 TRACE Action Filter: Before executing OnActionExecuted on filter Microsoft.AspNetCore.Mvc.Infrastructure.ModelStateInvalidFilter. 
2025-06-22 19:58:54.3536 TRACE Action Filter: After executing OnActionExecuted on filter Microsoft.AspNetCore.Mvc.Infrastructure.ModelStateInvalidFilter. 
2025-06-22 19:58:54.3536 TRACE Action Filter: Before executing OnActionExecuted on filter Microsoft.AspNetCore.Mvc.ModelBinding.UnsupportedContentTypeFilter. 
2025-06-22 19:58:54.3536 TRACE Action Filter: After executing OnActionExecuted on filter Microsoft.AspNetCore.Mvc.ModelBinding.UnsupportedContentTypeFilter. 
2025-06-22 19:58:54.3536 TRACE Result Filter: Before executing OnResultExecuting on filter Microsoft.AspNetCore.Mvc.Infrastructure.ClientErrorResultFilter. 
2025-06-22 19:58:54.3536 TRACE Result Filter: After executing OnResultExecuting on filter Microsoft.AspNetCore.Mvc.Infrastructure.ClientErrorResultFilter. 
2025-06-22 19:58:54.3536 TRACE Before executing action result Microsoft.AspNetCore.Mvc.OkObjectResult. 
2025-06-22 19:58:54.3536 DEBUG List of registered output formatters, in the following order: Microsoft.AspNetCore.Mvc.Formatters.HttpNoContentOutputFormatter, Microsoft.AspNetCore.Mvc.Formatters.StringOutputFormatter, Microsoft.AspNetCore.Mvc.Formatters.StreamOutputFormatter, Microsoft.AspNetCore.Mvc.Formatters.SystemTextJsonOutputFormatter 
2025-06-22 19:58:54.3536 DEBUG No information found on request to perform content negotiation. 
2025-06-22 19:58:54.3536 DEBUG Attempting to select an output formatter without using a content type as no explicit content types were specified for the response. 
2025-06-22 19:58:54.3536 DEBUG Attempting to select the first formatter in the output formatters list which can write the result. 
2025-06-22 19:58:54.3536 DEBUG Selected output formatter 'Microsoft.AspNetCore.Mvc.Formatters.SystemTextJsonOutputFormatter' and content type 'application/json' to write the response. 
2025-06-22 19:58:54.3536 INFO Executing OkObjectResult, writing value of type 'System.Collections.Generic.List`1[[ApiAspNet.Entities.Agence, ApiAspNet, Version=1.0.0.0, Culture=neutral, PublicKeyToken=null]]'. 
2025-06-22 19:58:54.3536 TRACE After executing action result Microsoft.AspNetCore.Mvc.OkObjectResult. 
2025-06-22 19:58:54.3536 TRACE Result Filter: Before executing OnResultExecuted on filter Microsoft.AspNetCore.Mvc.Infrastructure.ClientErrorResultFilter. 
2025-06-22 19:58:54.3536 TRACE Result Filter: After executing OnResultExecuted on filter Microsoft.AspNetCore.Mvc.Infrastructure.ClientErrorResultFilter. 
2025-06-22 19:58:54.3536 INFO Executed action ApiAspNet.Controllers.AgenceController.GetAll (ApiAspNet) in 11.5921ms 
2025-06-22 19:58:54.3536 INFO Executed endpoint 'ApiAspNet.Controllers.AgenceController.GetAll (ApiAspNet)' 
2025-06-22 19:58:54.3536 INFO Request finished HTTP/2 GET https://localhost:44384/api/Agence - 200 - application/json;+charset=utf-8 16.2509ms 
