2025-06-30 20:08:14.9715 DEBUG Démarrage de l'application 
2025-06-30 20:08:18.3050 DEBUG Registered model binder providers, in the following order: Microsoft.AspNetCore.Mvc.ModelBinding.Binders.BinderTypeModelBinderProvider, Microsoft.AspNetCore.Mvc.ModelBinding.Binders.ServicesModelBinderProvider, Microsoft.AspNetCore.Mvc.ModelBinding.Binders.BodyModelBinderProvider, Microsoft.AspNetCore.Mvc.ModelBinding.Binders.HeaderModelBinderProvider, Microsoft.AspNetCore.Mvc.ModelBinding.Binders.FloatingPointTypeModelBinderProvider, Microsoft.AspNetCore.Mvc.ModelBinding.Binders.EnumTypeModelBinderProvider, Microsoft.AspNetCore.Mvc.ModelBinding.Binders.DateTimeModelBinderProvider, Microsoft.AspNetCore.Mvc.ModelBinding.Binders.SimpleTypeModelBinderProvider, Microsoft.AspNetCore.Mvc.ModelBinding.Binders.TryParseModelBinderProvider, Microsoft.AspNetCore.Mvc.ModelBinding.Binders.CancellationTokenModelBinderProvider, Microsoft.AspNetCore.Mvc.ModelBinding.Binders.ByteArrayModelBinderProvider, Microsoft.AspNetCore.Mvc.ModelBinding.Binders.FormFileModelBinderProvider, Microsoft.AspNetCore.Mvc.ModelBinding.Binders.FormCollectionModelBinderProvider, Microsoft.AspNetCore.Mvc.ModelBinding.Binders.KeyValuePairModelBinderProvider, Microsoft.AspNetCore.Mvc.ModelBinding.Binders.DictionaryModelBinderProvider, Microsoft.AspNetCore.Mvc.ModelBinding.Binders.ArrayModelBinderProvider, Microsoft.AspNetCore.Mvc.ModelBinding.Binders.CollectionModelBinderProvider, Microsoft.AspNetCore.Mvc.ModelBinding.Binders.ComplexObjectModelBinderProvider 
2025-06-30 20:08:18.4804 DEBUG Hosting starting 
2025-06-30 20:08:18.5066 INFO User profile is available. Using 'C:\Users\elitebook\AppData\Local\ASP.NET\DataProtection-Keys' as key repository and Windows DPAPI to encrypt keys at rest. 
2025-06-30 20:08:18.5732 DEBUG Reading data from file 'C:\Users\elitebook\AppData\Local\ASP.NET\DataProtection-Keys\key-a01ae15c-9914-4b94-80f3-f1588e7da62f.xml'. 
2025-06-30 20:08:18.5856 DEBUG Reading data from file 'C:\Users\elitebook\AppData\Local\ASP.NET\DataProtection-Keys\key-dbd75201-92be-4afd-a4f4-1c1b16768dd5.xml'. 
2025-06-30 20:08:18.6047 DEBUG Found key {a01ae15c-9914-4b94-80f3-f1588e7da62f}. 
2025-06-30 20:08:18.6139 DEBUG Found key {dbd75201-92be-4afd-a4f4-1c1b16768dd5}. 
2025-06-30 20:08:18.6139 DEBUG Considering key {a01ae15c-9914-4b94-80f3-f1588e7da62f} with expiration date 2025-09-24 13:26:51Z as default key. 
2025-06-30 20:08:18.6443 DEBUG Forwarded activator type request from Microsoft.AspNetCore.DataProtection.XmlEncryption.DpapiXmlDecryptor, Microsoft.AspNetCore.DataProtection, Version=8.0.0.0, Culture=neutral, PublicKeyToken=adb9793829ddae60 to Microsoft.AspNetCore.DataProtection.XmlEncryption.DpapiXmlDecryptor, Microsoft.AspNetCore.DataProtection, Culture=neutral, PublicKeyToken=adb9793829ddae60 
2025-06-30 20:08:18.6443 DEBUG Decrypting secret element using Windows DPAPI. 
2025-06-30 20:08:18.6443 DEBUG Forwarded activator type request from Microsoft.AspNetCore.DataProtection.AuthenticatedEncryption.ConfigurationModel.AuthenticatedEncryptorDescriptorDeserializer, Microsoft.AspNetCore.DataProtection, Version=8.0.0.0, Culture=neutral, PublicKeyToken=adb9793829ddae60 to Microsoft.AspNetCore.DataProtection.AuthenticatedEncryption.ConfigurationModel.AuthenticatedEncryptorDescriptorDeserializer, Microsoft.AspNetCore.DataProtection, Culture=neutral, PublicKeyToken=adb9793829ddae60 
2025-06-30 20:08:18.6584 DEBUG Opening CNG algorithm 'AES' from provider '(null)' with chaining mode CBC. 
2025-06-30 20:08:18.6584 DEBUG Opening CNG algorithm 'SHA256' from provider '(null)' with HMAC. 
2025-06-30 20:08:18.6584 DEBUG Using key {a01ae15c-9914-4b94-80f3-f1588e7da62f} as the default key. 
2025-06-30 20:08:18.6584 DEBUG Key ring with default key {a01ae15c-9914-4b94-80f3-f1588e7da62f} was loaded during application startup. 
2025-06-30 20:08:19.0537 DEBUG Loaded hosting startup assembly ApiAspNet 
2025-06-30 20:08:19.0537 DEBUG Loaded hosting startup assembly Microsoft.WebTools.ApiEndpointDiscovery 
2025-06-30 20:08:19.0537 DEBUG Loaded hosting startup assembly Microsoft.AspNetCore.Watch.BrowserRefresh 
2025-06-30 20:08:19.0537 DEBUG Loaded hosting startup assembly Microsoft.WebTools.BrowserLink.Net 
2025-06-30 20:08:19.1040 INFO Request starting HTTP/2 GET https://localhost:44384/swagger/index.html - - - 
2025-06-30 20:08:19.3672 INFO Application started. Press Ctrl+C to shut down. 
2025-06-30 20:08:19.3672 INFO Hosting environment: Development 
2025-06-30 20:08:19.3672 INFO Content root path: C:\Users\elitebook\Source\Repos\AspDotNet1\ApiAspNet 
2025-06-30 20:08:19.3783 DEBUG Hosting started 
2025-06-30 20:08:20.1279 DEBUG Wildcard detected, all requests with hosts will be allowed. 
2025-06-30 20:08:20.1279 TRACE All hosts are allowed. 
2025-06-30 20:08:20.2070 DEBUG No candidates found for the request path '/swagger/index.html' 
2025-06-30 20:08:20.2070 DEBUG Request did not match any endpoints 
2025-06-30 20:08:20.3389 DEBUG Response markup is scheduled to include Browser Link script injection. 
2025-06-30 20:08:20.3389 DEBUG Response markup is scheduled to include browser refresh script injection. 
2025-06-30 20:08:20.4444 DEBUG Response markup was updated to include Browser Link script injection. 
2025-06-30 20:08:20.4444 DEBUG Response markup was updated to include browser refresh script injection. 
2025-06-30 20:08:20.4817 INFO Request starting HTTP/2 GET https://localhost:44384/_framework/aspnetcore-browser-refresh.js - - - 
2025-06-30 20:08:20.4906 DEBUG Connection ID "18230571322465845359" disconnecting. 
2025-06-30 20:08:20.4906 INFO Request starting HTTP/2 GET https://localhost:44384/_vs/browserLink - - - 
2025-06-30 20:08:20.4906 DEBUG Connection ID "18302628907913838679" disconnecting. 
2025-06-30 20:08:20.5046 INFO Request finished HTTP/2 GET https://localhost:44384/swagger/index.html - 200 - text/html;charset=utf-8 1414.6117ms 
2025-06-30 20:08:20.5046 INFO Request finished HTTP/2 GET https://localhost:44384/_framework/aspnetcore-browser-refresh.js - 200 13770 application/javascript;+charset=utf-8 15.5615ms 
2025-06-30 20:08:20.6661 INFO Request finished HTTP/2 GET https://localhost:44384/_vs/browserLink - 200 - text/javascript;+charset=UTF-8 170.4887ms 
2025-06-30 20:08:20.6735 DEBUG Connection ID "18230571322465845361" disconnecting. 
2025-06-30 20:08:20.7551 INFO Request starting HTTP/2 GET https://localhost:44384/swagger/v1/swagger.json - - - 
2025-06-30 20:08:20.7551 TRACE All hosts are allowed. 
2025-06-30 20:08:20.7551 DEBUG No candidates found for the request path '/swagger/v1/swagger.json' 
2025-06-30 20:08:20.7551 DEBUG Request did not match any endpoints 
2025-06-30 20:08:20.8306 DEBUG Connection ID "18230571292401074227" disconnecting. 
2025-06-30 20:08:20.8306 INFO Request finished HTTP/2 GET https://localhost:44384/swagger/v1/swagger.json - 200 - application/json;charset=utf-8 75.5958ms 
2025-06-30 20:08:33.3719 INFO Request starting HTTP/2 GET https://localhost:44384/api/Flotte/report - - - 
2025-06-30 20:08:33.3719 TRACE All hosts are allowed. 
2025-06-30 20:08:33.3873 DEBUG 2 candidate(s) found for the request path '/api/Flotte/report' 
2025-06-30 20:08:33.3967 DEBUG Endpoint 'ApiAspNet.Controllers.FlotteController.ExportReport (ApiAspNet)' with route pattern 'api/Flotte/report' is valid for the request path '/api/Flotte/report' 
2025-06-30 20:08:33.3967 DEBUG Endpoint 'ApiAspNet.Controllers.FlotteController.GetById (ApiAspNet)' with route pattern 'api/Flotte/{id}' is valid for the request path '/api/Flotte/report' 
2025-06-30 20:08:33.3967 DEBUG Request matched endpoint 'ApiAspNet.Controllers.FlotteController.ExportReport (ApiAspNet)' 
2025-06-30 20:08:33.3967 TRACE The endpoint does not specify the IRequestSizeLimitMetadata. 
2025-06-30 20:08:33.3967 DEBUG Static files was skipped as the request already matched an endpoint. 
2025-06-30 20:08:33.5857 DEBUG AuthenticationScheme: Bearer was not authenticated. 
2025-06-30 20:08:33.5983 INFO Executing endpoint 'ApiAspNet.Controllers.FlotteController.ExportReport (ApiAspNet)' 
2025-06-30 20:08:33.6772 INFO Route matched with {action = "ExportReport", controller = "Flotte"}. Executing controller action with signature Microsoft.AspNetCore.Mvc.IActionResult ExportReport() on controller ApiAspNet.Controllers.FlotteController (ApiAspNet). 
2025-06-30 20:08:33.6772 DEBUG Execution plan of authorization filters (in the following order): None 
2025-06-30 20:08:33.6772 DEBUG Execution plan of resource filters (in the following order): None 
2025-06-30 20:08:33.6772 DEBUG Execution plan of action filters (in the following order): Microsoft.AspNetCore.Mvc.ModelBinding.UnsupportedContentTypeFilter (Order: -3000), Microsoft.AspNetCore.Mvc.Infrastructure.ModelStateInvalidFilter (Order: -2000) 
2025-06-30 20:08:33.6772 DEBUG Execution plan of exception filters (in the following order): None 
2025-06-30 20:08:33.6772 DEBUG Execution plan of result filters (in the following order): Microsoft.AspNetCore.Mvc.Infrastructure.ClientErrorResultFilter (Order: -2000) 
2025-06-30 20:08:33.6772 DEBUG Executing controller factory for controller ApiAspNet.Controllers.FlotteController (ApiAspNet) 
2025-06-30 20:08:34.2567 DEBUG Executed controller factory for controller ApiAspNet.Controllers.FlotteController (ApiAspNet) 
2025-06-30 20:08:34.2567 TRACE Action Filter: Before executing OnActionExecuting on filter Microsoft.AspNetCore.Mvc.ModelBinding.UnsupportedContentTypeFilter. 
2025-06-30 20:08:34.2567 TRACE Action Filter: After executing OnActionExecuting on filter Microsoft.AspNetCore.Mvc.ModelBinding.UnsupportedContentTypeFilter. 
2025-06-30 20:08:34.2567 TRACE Action Filter: Before executing OnActionExecuting on filter Microsoft.AspNetCore.Mvc.Infrastructure.ModelStateInvalidFilter. 
2025-06-30 20:08:34.2567 TRACE Action Filter: After executing OnActionExecuting on filter Microsoft.AspNetCore.Mvc.Infrastructure.ModelStateInvalidFilter. 
2025-06-30 20:08:34.2746 INFO Executing action method ApiAspNet.Controllers.FlotteController.ExportReport (ApiAspNet) - Validation state: Valid 
2025-06-30 20:08:39.8589 INFO Executed action method ApiAspNet.Controllers.FlotteController.ExportReport (ApiAspNet), returned result Microsoft.AspNetCore.Mvc.FileContentResult in 5576.7223ms. 
2025-06-30 20:08:39.8601 TRACE Action Filter: Before executing OnActionExecuted on filter Microsoft.AspNetCore.Mvc.Infrastructure.ModelStateInvalidFilter. 
2025-06-30 20:08:39.8601 TRACE Action Filter: After executing OnActionExecuted on filter Microsoft.AspNetCore.Mvc.Infrastructure.ModelStateInvalidFilter. 
2025-06-30 20:08:39.8601 TRACE Action Filter: Before executing OnActionExecuted on filter Microsoft.AspNetCore.Mvc.ModelBinding.UnsupportedContentTypeFilter. 
2025-06-30 20:08:39.8601 TRACE Action Filter: After executing OnActionExecuted on filter Microsoft.AspNetCore.Mvc.ModelBinding.UnsupportedContentTypeFilter. 
2025-06-30 20:08:39.8601 TRACE Result Filter: Before executing OnResultExecuting on filter Microsoft.AspNetCore.Mvc.Infrastructure.ClientErrorResultFilter. 
2025-06-30 20:08:39.8601 TRACE Result Filter: After executing OnResultExecuting on filter Microsoft.AspNetCore.Mvc.Infrastructure.ClientErrorResultFilter. 
2025-06-30 20:08:39.8601 TRACE Before executing action result Microsoft.AspNetCore.Mvc.FileContentResult. 
2025-06-30 20:08:39.8601 INFO Executing FileContentResult, sending file with download name 'rapport.pdf' ... 
2025-06-30 20:08:39.8796 DEBUG The file result has not been enabled for processing range requests. To enable it, set the EnableRangeProcessing property on the result to 'true'. 
2025-06-30 20:08:39.8898 TRACE After executing action result Microsoft.AspNetCore.Mvc.FileContentResult. 
2025-06-30 20:08:39.8898 TRACE Result Filter: Before executing OnResultExecuted on filter Microsoft.AspNetCore.Mvc.Infrastructure.ClientErrorResultFilter. 
2025-06-30 20:08:39.8898 TRACE Result Filter: After executing OnResultExecuted on filter Microsoft.AspNetCore.Mvc.Infrastructure.ClientErrorResultFilter. 
2025-06-30 20:08:39.9057 INFO Executed action ApiAspNet.Controllers.FlotteController.ExportReport (ApiAspNet) in 6209.1365ms 
2025-06-30 20:08:39.9057 INFO Executed endpoint 'ApiAspNet.Controllers.FlotteController.ExportReport (ApiAspNet)' 
2025-06-30 20:08:39.9057 DEBUG Connection ID "18374686489066864688" disconnecting. 
2025-06-30 20:08:39.9882 INFO Request finished HTTP/2 GET https://localhost:44384/api/Flotte/report - 200 178873 application/pdf 6616.3592ms 
2025-06-30 20:18:16.4195 DEBUG Démarrage de l'application 
2025-06-30 20:18:19.5768 DEBUG Registered model binder providers, in the following order: Microsoft.AspNetCore.Mvc.ModelBinding.Binders.BinderTypeModelBinderProvider, Microsoft.AspNetCore.Mvc.ModelBinding.Binders.ServicesModelBinderProvider, Microsoft.AspNetCore.Mvc.ModelBinding.Binders.BodyModelBinderProvider, Microsoft.AspNetCore.Mvc.ModelBinding.Binders.HeaderModelBinderProvider, Microsoft.AspNetCore.Mvc.ModelBinding.Binders.FloatingPointTypeModelBinderProvider, Microsoft.AspNetCore.Mvc.ModelBinding.Binders.EnumTypeModelBinderProvider, Microsoft.AspNetCore.Mvc.ModelBinding.Binders.DateTimeModelBinderProvider, Microsoft.AspNetCore.Mvc.ModelBinding.Binders.SimpleTypeModelBinderProvider, Microsoft.AspNetCore.Mvc.ModelBinding.Binders.TryParseModelBinderProvider, Microsoft.AspNetCore.Mvc.ModelBinding.Binders.CancellationTokenModelBinderProvider, Microsoft.AspNetCore.Mvc.ModelBinding.Binders.ByteArrayModelBinderProvider, Microsoft.AspNetCore.Mvc.ModelBinding.Binders.FormFileModelBinderProvider, Microsoft.AspNetCore.Mvc.ModelBinding.Binders.FormCollectionModelBinderProvider, Microsoft.AspNetCore.Mvc.ModelBinding.Binders.KeyValuePairModelBinderProvider, Microsoft.AspNetCore.Mvc.ModelBinding.Binders.DictionaryModelBinderProvider, Microsoft.AspNetCore.Mvc.ModelBinding.Binders.ArrayModelBinderProvider, Microsoft.AspNetCore.Mvc.ModelBinding.Binders.CollectionModelBinderProvider, Microsoft.AspNetCore.Mvc.ModelBinding.Binders.ComplexObjectModelBinderProvider 
2025-06-30 20:18:19.7851 DEBUG Hosting starting 
2025-06-30 20:18:19.8065 INFO User profile is available. Using 'C:\Users\elitebook\AppData\Local\ASP.NET\DataProtection-Keys' as key repository and Windows DPAPI to encrypt keys at rest. 
2025-06-30 20:18:19.8388 DEBUG Reading data from file 'C:\Users\elitebook\AppData\Local\ASP.NET\DataProtection-Keys\key-a01ae15c-9914-4b94-80f3-f1588e7da62f.xml'. 
2025-06-30 20:18:19.8455 DEBUG Reading data from file 'C:\Users\elitebook\AppData\Local\ASP.NET\DataProtection-Keys\key-dbd75201-92be-4afd-a4f4-1c1b16768dd5.xml'. 
2025-06-30 20:18:19.8617 DEBUG Found key {a01ae15c-9914-4b94-80f3-f1588e7da62f}. 
2025-06-30 20:18:19.8617 DEBUG Found key {dbd75201-92be-4afd-a4f4-1c1b16768dd5}. 
2025-06-30 20:18:19.8968 DEBUG Considering key {a01ae15c-9914-4b94-80f3-f1588e7da62f} with expiration date 2025-09-24 13:26:51Z as default key. 
2025-06-30 20:18:19.9081 DEBUG Forwarded activator type request from Microsoft.AspNetCore.DataProtection.XmlEncryption.DpapiXmlDecryptor, Microsoft.AspNetCore.DataProtection, Version=8.0.0.0, Culture=neutral, PublicKeyToken=adb9793829ddae60 to Microsoft.AspNetCore.DataProtection.XmlEncryption.DpapiXmlDecryptor, Microsoft.AspNetCore.DataProtection, Culture=neutral, PublicKeyToken=adb9793829ddae60 
2025-06-30 20:18:19.9081 DEBUG Decrypting secret element using Windows DPAPI. 
2025-06-30 20:18:19.9081 DEBUG Forwarded activator type request from Microsoft.AspNetCore.DataProtection.AuthenticatedEncryption.ConfigurationModel.AuthenticatedEncryptorDescriptorDeserializer, Microsoft.AspNetCore.DataProtection, Version=8.0.0.0, Culture=neutral, PublicKeyToken=adb9793829ddae60 to Microsoft.AspNetCore.DataProtection.AuthenticatedEncryption.ConfigurationModel.AuthenticatedEncryptorDescriptorDeserializer, Microsoft.AspNetCore.DataProtection, Culture=neutral, PublicKeyToken=adb9793829ddae60 
2025-06-30 20:18:19.9262 DEBUG Opening CNG algorithm 'AES' from provider '(null)' with chaining mode CBC. 
2025-06-30 20:18:19.9262 DEBUG Opening CNG algorithm 'SHA256' from provider '(null)' with HMAC. 
2025-06-30 20:18:19.9262 DEBUG Using key {a01ae15c-9914-4b94-80f3-f1588e7da62f} as the default key. 
2025-06-30 20:18:19.9262 DEBUG Key ring with default key {a01ae15c-9914-4b94-80f3-f1588e7da62f} was loaded during application startup. 
2025-06-30 20:18:20.2250 DEBUG Loaded hosting startup assembly ApiAspNet 
2025-06-30 20:18:20.2250 DEBUG Loaded hosting startup assembly Microsoft.WebTools.ApiEndpointDiscovery 
2025-06-30 20:18:20.2250 DEBUG Loaded hosting startup assembly Microsoft.AspNetCore.Watch.BrowserRefresh 
2025-06-30 20:18:20.2250 DEBUG Loaded hosting startup assembly Microsoft.WebTools.BrowserLink.Net 
2025-06-30 20:18:20.2820 INFO Request starting HTTP/2 GET https://localhost:44384/swagger/index.html - - - 
2025-06-30 20:18:20.6108 DEBUG Wildcard detected, all requests with hosts will be allowed. 
2025-06-30 20:18:20.6108 TRACE All hosts are allowed. 
2025-06-30 20:18:20.6522 DEBUG No candidates found for the request path '/swagger/index.html' 
2025-06-30 20:18:20.6522 DEBUG Request did not match any endpoints 
2025-06-30 20:18:20.8014 DEBUG Response markup is scheduled to include Browser Link script injection. 
2025-06-30 20:18:20.8014 DEBUG Response markup is scheduled to include browser refresh script injection. 
2025-06-30 20:18:20.8598 DEBUG Response markup was updated to include Browser Link script injection. 
2025-06-30 20:18:20.8598 DEBUG Response markup was updated to include browser refresh script injection. 
2025-06-30 20:18:20.8777 DEBUG Connection ID "18302628907913838683" disconnecting. 
2025-06-30 20:18:20.9011 INFO Request finished HTTP/2 GET https://localhost:44384/swagger/index.html - 200 - text/html;charset=utf-8 631.6797ms 
2025-06-30 20:18:20.9011 INFO Request starting HTTP/2 GET https://localhost:44384/_framework/aspnetcore-browser-refresh.js - - - 
2025-06-30 20:18:20.9011 INFO Request starting HTTP/2 GET https://localhost:44384/_vs/browserLink - - - 
2025-06-30 20:18:20.9088 INFO Request finished HTTP/2 GET https://localhost:44384/_framework/aspnetcore-browser-refresh.js - 200 13770 application/javascript;+charset=utf-8 6.8242ms 
2025-06-30 20:18:20.9759 INFO Application started. Press Ctrl+C to shut down. 
2025-06-30 20:18:20.9759 INFO Hosting environment: Development 
2025-06-30 20:18:20.9759 INFO Content root path: C:\Users\elitebook\Source\Repos\AspDotNet1\ApiAspNet 
2025-06-30 20:18:20.9759 DEBUG Hosting started 
2025-06-30 20:18:21.0038 DEBUG Connection ID "18302628907913838685" disconnecting. 
2025-06-30 20:18:21.0038 INFO Request finished HTTP/2 GET https://localhost:44384/_vs/browserLink - 200 - text/javascript;+charset=UTF-8 104.4959ms 
2025-06-30 20:18:21.0528 INFO Request starting HTTP/2 GET https://localhost:44384/swagger/v1/swagger.json - - - 
2025-06-30 20:18:21.0528 TRACE All hosts are allowed. 
2025-06-30 20:18:21.0528 DEBUG No candidates found for the request path '/swagger/v1/swagger.json' 
2025-06-30 20:18:21.0528 DEBUG Request did not match any endpoints 
2025-06-30 20:18:21.0844 INFO Request finished HTTP/2 GET https://localhost:44384/swagger/v1/swagger.json - 200 - application/json;charset=utf-8 26.3706ms 
2025-06-30 20:18:21.0844 DEBUG Connection ID "18230571305285976195" disconnecting. 
2025-06-30 20:19:09.0010 INFO Request starting HTTP/2 POST https://localhost:44384/api/Flotte - application/json 60 
2025-06-30 20:19:09.0157 TRACE All hosts are allowed. 
2025-06-30 20:19:09.0359 DEBUG 1 candidate(s) found for the request path '/api/Flotte' 
2025-06-30 20:19:09.0359 DEBUG Endpoint 'ApiAspNet.Controllers.FlotteController.Create (ApiAspNet)' with route pattern 'api/Flotte' is valid for the request path '/api/Flotte' 
2025-06-30 20:19:09.0359 DEBUG Request matched endpoint 'ApiAspNet.Controllers.FlotteController.Create (ApiAspNet)' 
2025-06-30 20:19:09.0359 TRACE The endpoint does not specify the IRequestSizeLimitMetadata. 
2025-06-30 20:19:09.0359 DEBUG Static files was skipped as the request already matched an endpoint. 
2025-06-30 20:19:09.0497 DEBUG The request has an origin header: 'https://localhost:44384'. 
2025-06-30 20:19:09.0497 INFO CORS policy execution failed. 
2025-06-30 20:19:09.0497 INFO Request origin https://localhost:44384 does not have permission to access the resource. 
2025-06-30 20:19:09.1740 DEBUG AuthenticationScheme: Bearer was not authenticated. 
2025-06-30 20:19:09.1740 INFO Executing endpoint 'ApiAspNet.Controllers.FlotteController.Create (ApiAspNet)' 
2025-06-30 20:19:09.2455 INFO Route matched with {action = "Create", controller = "Flotte"}. Executing controller action with signature Microsoft.AspNetCore.Mvc.IActionResult Create(ApiAspNet.Models.Flottes.CreateRequest) on controller ApiAspNet.Controllers.FlotteController (ApiAspNet). 
2025-06-30 20:19:09.2497 DEBUG Execution plan of authorization filters (in the following order): None 
2025-06-30 20:19:09.2497 DEBUG Execution plan of resource filters (in the following order): None 
2025-06-30 20:19:09.2497 DEBUG Execution plan of action filters (in the following order): Microsoft.AspNetCore.Mvc.ModelBinding.UnsupportedContentTypeFilter (Order: -3000), Microsoft.AspNetCore.Mvc.Infrastructure.ModelStateInvalidFilter (Order: -2000) 
2025-06-30 20:19:09.2497 DEBUG Execution plan of exception filters (in the following order): None 
2025-06-30 20:19:09.2497 DEBUG Execution plan of result filters (in the following order): Microsoft.AspNetCore.Mvc.Infrastructure.ClientErrorResultFilter (Order: -2000) 
2025-06-30 20:19:09.2497 DEBUG Executing controller factory for controller ApiAspNet.Controllers.FlotteController (ApiAspNet) 
2025-06-30 20:19:09.7671 DEBUG Executed controller factory for controller ApiAspNet.Controllers.FlotteController (ApiAspNet) 
2025-06-30 20:19:09.7850 DEBUG Attempting to bind parameter 'model' of type 'ApiAspNet.Models.Flottes.CreateRequest' ... 
2025-06-30 20:19:09.7850 DEBUG Attempting to bind parameter 'model' of type 'ApiAspNet.Models.Flottes.CreateRequest' using the name '' in request data ... 
2025-06-30 20:19:09.7850 DEBUG Selected input formatter 'Microsoft.AspNetCore.Mvc.Formatters.SystemTextJsonInputFormatter' for content type 'application/json'. 
2025-06-30 20:19:09.8339 DEBUG JSON input formatter succeeded, deserializing to type 'ApiAspNet.Models.Flottes.CreateRequest' 
2025-06-30 20:19:09.8339 DEBUG Done attempting to bind parameter 'model' of type 'ApiAspNet.Models.Flottes.CreateRequest'. 
2025-06-30 20:19:09.8339 DEBUG Done attempting to bind parameter 'model' of type 'ApiAspNet.Models.Flottes.CreateRequest'. 
2025-06-30 20:19:09.8339 DEBUG Attempting to validate the bound parameter 'model' of type 'ApiAspNet.Models.Flottes.CreateRequest' ... 
2025-06-30 20:19:09.8455 DEBUG Done attempting to validate the bound parameter 'model' of type 'ApiAspNet.Models.Flottes.CreateRequest'. 
2025-06-30 20:19:09.8455 TRACE Action Filter: Before executing OnActionExecuting on filter Microsoft.AspNetCore.Mvc.ModelBinding.UnsupportedContentTypeFilter. 
2025-06-30 20:19:09.8455 TRACE Action Filter: After executing OnActionExecuting on filter Microsoft.AspNetCore.Mvc.ModelBinding.UnsupportedContentTypeFilter. 
2025-06-30 20:19:09.8455 TRACE Action Filter: Before executing OnActionExecuting on filter Microsoft.AspNetCore.Mvc.Infrastructure.ModelStateInvalidFilter. 
2025-06-30 20:19:09.8455 TRACE Action Filter: After executing OnActionExecuting on filter Microsoft.AspNetCore.Mvc.Infrastructure.ModelStateInvalidFilter. 
2025-06-30 20:19:09.8741 INFO Executing action method ApiAspNet.Controllers.FlotteController.Create (ApiAspNet) - Validation state: Valid 
2025-06-30 20:19:09.8741 TRACE Executing action method ApiAspNet.Controllers.FlotteController.Create (ApiAspNet) with arguments (ApiAspNet.Models.Flottes.CreateRequest) 
2025-06-30 20:19:13.6811 INFO Executed action method ApiAspNet.Controllers.FlotteController.Create (ApiAspNet), returned result Microsoft.AspNetCore.Mvc.OkObjectResult in 3789.7723ms. 
2025-06-30 20:19:13.6811 TRACE Action Filter: Before executing OnActionExecuted on filter Microsoft.AspNetCore.Mvc.Infrastructure.ModelStateInvalidFilter. 
2025-06-30 20:19:13.6811 TRACE Action Filter: After executing OnActionExecuted on filter Microsoft.AspNetCore.Mvc.Infrastructure.ModelStateInvalidFilter. 
2025-06-30 20:19:13.6811 TRACE Action Filter: Before executing OnActionExecuted on filter Microsoft.AspNetCore.Mvc.ModelBinding.UnsupportedContentTypeFilter. 
2025-06-30 20:19:13.6811 TRACE Action Filter: After executing OnActionExecuted on filter Microsoft.AspNetCore.Mvc.ModelBinding.UnsupportedContentTypeFilter. 
2025-06-30 20:19:13.6811 TRACE Result Filter: Before executing OnResultExecuting on filter Microsoft.AspNetCore.Mvc.Infrastructure.ClientErrorResultFilter. 
2025-06-30 20:19:13.6811 TRACE Result Filter: After executing OnResultExecuting on filter Microsoft.AspNetCore.Mvc.Infrastructure.ClientErrorResultFilter. 
2025-06-30 20:19:13.6811 TRACE Before executing action result Microsoft.AspNetCore.Mvc.OkObjectResult. 
2025-06-30 20:19:13.6933 DEBUG List of registered output formatters, in the following order: Microsoft.AspNetCore.Mvc.Formatters.HttpNoContentOutputFormatter, Microsoft.AspNetCore.Mvc.Formatters.StringOutputFormatter, Microsoft.AspNetCore.Mvc.Formatters.StreamOutputFormatter, Microsoft.AspNetCore.Mvc.Formatters.SystemTextJsonOutputFormatter 
2025-06-30 20:19:13.6933 DEBUG No information found on request to perform content negotiation. 
2025-06-30 20:19:13.6933 DEBUG Attempting to select an output formatter without using a content type as no explicit content types were specified for the response. 
2025-06-30 20:19:13.6933 DEBUG Attempting to select the first formatter in the output formatters list which can write the result. 
2025-06-30 20:19:13.6933 DEBUG Selected output formatter 'Microsoft.AspNetCore.Mvc.Formatters.SystemTextJsonOutputFormatter' and content type 'application/json' to write the response. 
2025-06-30 20:19:13.6933 INFO Executing OkObjectResult, writing value of type '<>f__AnonymousType0`1[[System.String, System.Private.CoreLib, Version=8.0.0.0, Culture=neutral, PublicKeyToken=7cec85d7bea7798e]]'. 
2025-06-30 20:19:13.7191 TRACE After executing action result Microsoft.AspNetCore.Mvc.OkObjectResult. 
2025-06-30 20:19:13.7191 TRACE Result Filter: Before executing OnResultExecuted on filter Microsoft.AspNetCore.Mvc.Infrastructure.ClientErrorResultFilter. 
2025-06-30 20:19:13.7191 TRACE Result Filter: After executing OnResultExecuted on filter Microsoft.AspNetCore.Mvc.Infrastructure.ClientErrorResultFilter. 
2025-06-30 20:19:13.7333 INFO Executed action ApiAspNet.Controllers.FlotteController.Create (ApiAspNet) in 4468.9279ms 
2025-06-30 20:19:13.7333 INFO Executed endpoint 'ApiAspNet.Controllers.FlotteController.Create (ApiAspNet)' 
2025-06-30 20:19:13.7333 DEBUG Connection ID "18302628912208806034" disconnecting. 
2025-06-30 20:19:13.7588 INFO Request finished HTTP/2 POST https://localhost:44384/api/Flotte - 200 - application/json;+charset=utf-8 4758.0358ms 
2025-06-30 20:19:27.9931 INFO Request starting HTTP/2 POST https://localhost:44384/api/Flotte - application/json 61 
2025-06-30 20:19:27.9931 TRACE All hosts are allowed. 
2025-06-30 20:19:27.9991 DEBUG 1 candidate(s) found for the request path '/api/Flotte' 
2025-06-30 20:19:27.9991 DEBUG Endpoint 'ApiAspNet.Controllers.FlotteController.Create (ApiAspNet)' with route pattern 'api/Flotte' is valid for the request path '/api/Flotte' 
2025-06-30 20:19:27.9991 DEBUG Request matched endpoint 'ApiAspNet.Controllers.FlotteController.Create (ApiAspNet)' 
2025-06-30 20:19:27.9991 TRACE The endpoint does not specify the IRequestSizeLimitMetadata. 
2025-06-30 20:19:27.9991 DEBUG Static files was skipped as the request already matched an endpoint. 
2025-06-30 20:19:27.9991 DEBUG The request has an origin header: 'https://localhost:44384'. 
2025-06-30 20:19:27.9991 INFO CORS policy execution failed. 
2025-06-30 20:19:27.9991 INFO Request origin https://localhost:44384 does not have permission to access the resource. 
2025-06-30 20:19:27.9991 DEBUG AuthenticationScheme: Bearer was not authenticated. 
2025-06-30 20:19:27.9991 INFO Executing endpoint 'ApiAspNet.Controllers.FlotteController.Create (ApiAspNet)' 
2025-06-30 20:19:27.9991 INFO Route matched with {action = "Create", controller = "Flotte"}. Executing controller action with signature Microsoft.AspNetCore.Mvc.IActionResult Create(ApiAspNet.Models.Flottes.CreateRequest) on controller ApiAspNet.Controllers.FlotteController (ApiAspNet). 
2025-06-30 20:19:27.9991 DEBUG Execution plan of authorization filters (in the following order): None 
2025-06-30 20:19:27.9991 DEBUG Execution plan of resource filters (in the following order): None 
2025-06-30 20:19:27.9991 DEBUG Execution plan of action filters (in the following order): Microsoft.AspNetCore.Mvc.ModelBinding.UnsupportedContentTypeFilter (Order: -3000), Microsoft.AspNetCore.Mvc.Infrastructure.ModelStateInvalidFilter (Order: -2000) 
2025-06-30 20:19:27.9991 DEBUG Execution plan of exception filters (in the following order): None 
2025-06-30 20:19:27.9991 DEBUG Execution plan of result filters (in the following order): Microsoft.AspNetCore.Mvc.Infrastructure.ClientErrorResultFilter (Order: -2000) 
2025-06-30 20:19:27.9991 DEBUG Executing controller factory for controller ApiAspNet.Controllers.FlotteController (ApiAspNet) 
2025-06-30 20:19:28.0518 DEBUG Executed controller factory for controller ApiAspNet.Controllers.FlotteController (ApiAspNet) 
2025-06-30 20:19:28.0518 DEBUG Attempting to bind parameter 'model' of type 'ApiAspNet.Models.Flottes.CreateRequest' ... 
2025-06-30 20:19:28.0518 DEBUG Attempting to bind parameter 'model' of type 'ApiAspNet.Models.Flottes.CreateRequest' using the name '' in request data ... 
2025-06-30 20:19:28.0518 DEBUG Selected input formatter 'Microsoft.AspNetCore.Mvc.Formatters.SystemTextJsonInputFormatter' for content type 'application/json'. 
2025-06-30 20:19:28.0518 DEBUG JSON input formatter succeeded, deserializing to type 'ApiAspNet.Models.Flottes.CreateRequest' 
2025-06-30 20:19:28.0518 DEBUG Done attempting to bind parameter 'model' of type 'ApiAspNet.Models.Flottes.CreateRequest'. 
2025-06-30 20:19:28.0518 DEBUG Done attempting to bind parameter 'model' of type 'ApiAspNet.Models.Flottes.CreateRequest'. 
2025-06-30 20:19:28.0518 DEBUG Attempting to validate the bound parameter 'model' of type 'ApiAspNet.Models.Flottes.CreateRequest' ... 
2025-06-30 20:19:28.0518 DEBUG Done attempting to validate the bound parameter 'model' of type 'ApiAspNet.Models.Flottes.CreateRequest'. 
2025-06-30 20:19:28.0518 TRACE Action Filter: Before executing OnActionExecuting on filter Microsoft.AspNetCore.Mvc.ModelBinding.UnsupportedContentTypeFilter. 
2025-06-30 20:19:28.0518 TRACE Action Filter: After executing OnActionExecuting on filter Microsoft.AspNetCore.Mvc.ModelBinding.UnsupportedContentTypeFilter. 
2025-06-30 20:19:28.0518 TRACE Action Filter: Before executing OnActionExecuting on filter Microsoft.AspNetCore.Mvc.Infrastructure.ModelStateInvalidFilter. 
2025-06-30 20:19:28.0518 TRACE Action Filter: After executing OnActionExecuting on filter Microsoft.AspNetCore.Mvc.Infrastructure.ModelStateInvalidFilter. 
2025-06-30 20:19:28.0518 INFO Executing action method ApiAspNet.Controllers.FlotteController.Create (ApiAspNet) - Validation state: Valid 
2025-06-30 20:19:28.0518 TRACE Executing action method ApiAspNet.Controllers.FlotteController.Create (ApiAspNet) with arguments (ApiAspNet.Models.Flottes.CreateRequest) 
2025-06-30 20:19:28.2380 INFO Executed action method ApiAspNet.Controllers.FlotteController.Create (ApiAspNet), returned result Microsoft.AspNetCore.Mvc.OkObjectResult in 178.6967ms. 
2025-06-30 20:19:28.2380 TRACE Action Filter: Before executing OnActionExecuted on filter Microsoft.AspNetCore.Mvc.Infrastructure.ModelStateInvalidFilter. 
2025-06-30 20:19:28.2380 TRACE Action Filter: After executing OnActionExecuted on filter Microsoft.AspNetCore.Mvc.Infrastructure.ModelStateInvalidFilter. 
2025-06-30 20:19:28.2380 TRACE Action Filter: Before executing OnActionExecuted on filter Microsoft.AspNetCore.Mvc.ModelBinding.UnsupportedContentTypeFilter. 
2025-06-30 20:19:28.2380 TRACE Action Filter: After executing OnActionExecuted on filter Microsoft.AspNetCore.Mvc.ModelBinding.UnsupportedContentTypeFilter. 
2025-06-30 20:19:28.2380 TRACE Result Filter: Before executing OnResultExecuting on filter Microsoft.AspNetCore.Mvc.Infrastructure.ClientErrorResultFilter. 
2025-06-30 20:19:28.2380 TRACE Result Filter: After executing OnResultExecuting on filter Microsoft.AspNetCore.Mvc.Infrastructure.ClientErrorResultFilter. 
2025-06-30 20:19:28.2380 TRACE Before executing action result Microsoft.AspNetCore.Mvc.OkObjectResult. 
2025-06-30 20:19:28.2380 DEBUG List of registered output formatters, in the following order: Microsoft.AspNetCore.Mvc.Formatters.HttpNoContentOutputFormatter, Microsoft.AspNetCore.Mvc.Formatters.StringOutputFormatter, Microsoft.AspNetCore.Mvc.Formatters.StreamOutputFormatter, Microsoft.AspNetCore.Mvc.Formatters.SystemTextJsonOutputFormatter 
2025-06-30 20:19:28.2380 DEBUG No information found on request to perform content negotiation. 
2025-06-30 20:19:28.2380 DEBUG Attempting to select an output formatter without using a content type as no explicit content types were specified for the response. 
2025-06-30 20:19:28.2380 DEBUG Attempting to select the first formatter in the output formatters list which can write the result. 
2025-06-30 20:19:28.2380 DEBUG Selected output formatter 'Microsoft.AspNetCore.Mvc.Formatters.SystemTextJsonOutputFormatter' and content type 'application/json' to write the response. 
2025-06-30 20:19:28.2380 INFO Executing OkObjectResult, writing value of type '<>f__AnonymousType0`1[[System.String, System.Private.CoreLib, Version=8.0.0.0, Culture=neutral, PublicKeyToken=7cec85d7bea7798e]]'. 
2025-06-30 20:19:28.2380 TRACE After executing action result Microsoft.AspNetCore.Mvc.OkObjectResult. 
2025-06-30 20:19:28.2380 TRACE Result Filter: Before executing OnResultExecuted on filter Microsoft.AspNetCore.Mvc.Infrastructure.ClientErrorResultFilter. 
2025-06-30 20:19:28.2380 TRACE Result Filter: After executing OnResultExecuted on filter Microsoft.AspNetCore.Mvc.Infrastructure.ClientErrorResultFilter. 
2025-06-30 20:19:28.2380 INFO Executed action ApiAspNet.Controllers.FlotteController.Create (ApiAspNet) in 236.419ms 
2025-06-30 20:19:28.2380 INFO Executed endpoint 'ApiAspNet.Controllers.FlotteController.Create (ApiAspNet)' 
2025-06-30 20:19:28.2380 DEBUG Connection ID "18302628895028936845" disconnecting. 
2025-06-30 20:19:28.2380 INFO Request finished HTTP/2 POST https://localhost:44384/api/Flotte - 200 - application/json;+charset=utf-8 254.4626ms 
2025-06-30 20:19:45.9036 INFO Request starting HTTP/2 POST https://localhost:44384/api/Flotte - application/json 61 
2025-06-30 20:19:45.9043 TRACE All hosts are allowed. 
2025-06-30 20:19:45.9043 DEBUG 1 candidate(s) found for the request path '/api/Flotte' 
2025-06-30 20:19:45.9043 DEBUG Endpoint 'ApiAspNet.Controllers.FlotteController.Create (ApiAspNet)' with route pattern 'api/Flotte' is valid for the request path '/api/Flotte' 
2025-06-30 20:19:45.9043 DEBUG Request matched endpoint 'ApiAspNet.Controllers.FlotteController.Create (ApiAspNet)' 
2025-06-30 20:19:45.9043 TRACE The endpoint does not specify the IRequestSizeLimitMetadata. 
2025-06-30 20:19:45.9043 DEBUG Static files was skipped as the request already matched an endpoint. 
2025-06-30 20:19:45.9043 DEBUG The request has an origin header: 'https://localhost:44384'. 
2025-06-30 20:19:45.9043 INFO CORS policy execution failed. 
2025-06-30 20:19:45.9043 INFO Request origin https://localhost:44384 does not have permission to access the resource. 
2025-06-30 20:19:45.9043 DEBUG AuthenticationScheme: Bearer was not authenticated. 
2025-06-30 20:19:45.9043 INFO Executing endpoint 'ApiAspNet.Controllers.FlotteController.Create (ApiAspNet)' 
2025-06-30 20:19:45.9043 INFO Route matched with {action = "Create", controller = "Flotte"}. Executing controller action with signature Microsoft.AspNetCore.Mvc.IActionResult Create(ApiAspNet.Models.Flottes.CreateRequest) on controller ApiAspNet.Controllers.FlotteController (ApiAspNet). 
2025-06-30 20:19:45.9043 DEBUG Execution plan of authorization filters (in the following order): None 
2025-06-30 20:19:45.9043 DEBUG Execution plan of resource filters (in the following order): None 
2025-06-30 20:19:45.9043 DEBUG Execution plan of action filters (in the following order): Microsoft.AspNetCore.Mvc.ModelBinding.UnsupportedContentTypeFilter (Order: -3000), Microsoft.AspNetCore.Mvc.Infrastructure.ModelStateInvalidFilter (Order: -2000) 
2025-06-30 20:19:45.9043 DEBUG Execution plan of exception filters (in the following order): None 
2025-06-30 20:19:45.9043 DEBUG Execution plan of result filters (in the following order): Microsoft.AspNetCore.Mvc.Infrastructure.ClientErrorResultFilter (Order: -2000) 
2025-06-30 20:19:45.9043 DEBUG Executing controller factory for controller ApiAspNet.Controllers.FlotteController (ApiAspNet) 
2025-06-30 20:19:45.9043 DEBUG Executed controller factory for controller ApiAspNet.Controllers.FlotteController (ApiAspNet) 
2025-06-30 20:19:45.9043 DEBUG Attempting to bind parameter 'model' of type 'ApiAspNet.Models.Flottes.CreateRequest' ... 
2025-06-30 20:19:45.9043 DEBUG Attempting to bind parameter 'model' of type 'ApiAspNet.Models.Flottes.CreateRequest' using the name '' in request data ... 
2025-06-30 20:19:45.9043 DEBUG Selected input formatter 'Microsoft.AspNetCore.Mvc.Formatters.SystemTextJsonInputFormatter' for content type 'application/json'. 
2025-06-30 20:19:45.9043 DEBUG JSON input formatter succeeded, deserializing to type 'ApiAspNet.Models.Flottes.CreateRequest' 
2025-06-30 20:19:45.9043 DEBUG Done attempting to bind parameter 'model' of type 'ApiAspNet.Models.Flottes.CreateRequest'. 
2025-06-30 20:19:45.9043 DEBUG Done attempting to bind parameter 'model' of type 'ApiAspNet.Models.Flottes.CreateRequest'. 
2025-06-30 20:19:45.9043 DEBUG Attempting to validate the bound parameter 'model' of type 'ApiAspNet.Models.Flottes.CreateRequest' ... 
2025-06-30 20:19:45.9043 DEBUG Done attempting to validate the bound parameter 'model' of type 'ApiAspNet.Models.Flottes.CreateRequest'. 
2025-06-30 20:19:45.9043 TRACE Action Filter: Before executing OnActionExecuting on filter Microsoft.AspNetCore.Mvc.ModelBinding.UnsupportedContentTypeFilter. 
2025-06-30 20:19:45.9043 TRACE Action Filter: After executing OnActionExecuting on filter Microsoft.AspNetCore.Mvc.ModelBinding.UnsupportedContentTypeFilter. 
2025-06-30 20:19:45.9043 TRACE Action Filter: Before executing OnActionExecuting on filter Microsoft.AspNetCore.Mvc.Infrastructure.ModelStateInvalidFilter. 
2025-06-30 20:19:45.9043 TRACE Action Filter: After executing OnActionExecuting on filter Microsoft.AspNetCore.Mvc.Infrastructure.ModelStateInvalidFilter. 
2025-06-30 20:19:45.9043 INFO Executing action method ApiAspNet.Controllers.FlotteController.Create (ApiAspNet) - Validation state: Valid 
2025-06-30 20:19:45.9043 TRACE Executing action method ApiAspNet.Controllers.FlotteController.Create (ApiAspNet) with arguments (ApiAspNet.Models.Flottes.CreateRequest) 
2025-06-30 20:19:45.9472 INFO Executed action method ApiAspNet.Controllers.FlotteController.Create (ApiAspNet), returned result Microsoft.AspNetCore.Mvc.OkObjectResult in 30.2994ms. 
2025-06-30 20:19:45.9472 TRACE Action Filter: Before executing OnActionExecuted on filter Microsoft.AspNetCore.Mvc.Infrastructure.ModelStateInvalidFilter. 
2025-06-30 20:19:45.9472 TRACE Action Filter: After executing OnActionExecuted on filter Microsoft.AspNetCore.Mvc.Infrastructure.ModelStateInvalidFilter. 
2025-06-30 20:19:45.9472 TRACE Action Filter: Before executing OnActionExecuted on filter Microsoft.AspNetCore.Mvc.ModelBinding.UnsupportedContentTypeFilter. 
2025-06-30 20:19:45.9472 TRACE Action Filter: After executing OnActionExecuted on filter Microsoft.AspNetCore.Mvc.ModelBinding.UnsupportedContentTypeFilter. 
2025-06-30 20:19:45.9472 TRACE Result Filter: Before executing OnResultExecuting on filter Microsoft.AspNetCore.Mvc.Infrastructure.ClientErrorResultFilter. 
2025-06-30 20:19:45.9472 TRACE Result Filter: After executing OnResultExecuting on filter Microsoft.AspNetCore.Mvc.Infrastructure.ClientErrorResultFilter. 
2025-06-30 20:19:45.9472 TRACE Before executing action result Microsoft.AspNetCore.Mvc.OkObjectResult. 
2025-06-30 20:19:45.9472 DEBUG List of registered output formatters, in the following order: Microsoft.AspNetCore.Mvc.Formatters.HttpNoContentOutputFormatter, Microsoft.AspNetCore.Mvc.Formatters.StringOutputFormatter, Microsoft.AspNetCore.Mvc.Formatters.StreamOutputFormatter, Microsoft.AspNetCore.Mvc.Formatters.SystemTextJsonOutputFormatter 
2025-06-30 20:19:45.9472 DEBUG No information found on request to perform content negotiation. 
2025-06-30 20:19:45.9472 DEBUG Attempting to select an output formatter without using a content type as no explicit content types were specified for the response. 
2025-06-30 20:19:45.9472 DEBUG Attempting to select the first formatter in the output formatters list which can write the result. 
2025-06-30 20:19:45.9472 DEBUG Selected output formatter 'Microsoft.AspNetCore.Mvc.Formatters.SystemTextJsonOutputFormatter' and content type 'application/json' to write the response. 
2025-06-30 20:19:45.9472 INFO Executing OkObjectResult, writing value of type '<>f__AnonymousType0`1[[System.String, System.Private.CoreLib, Version=8.0.0.0, Culture=neutral, PublicKeyToken=7cec85d7bea7798e]]'. 
2025-06-30 20:19:45.9472 TRACE After executing action result Microsoft.AspNetCore.Mvc.OkObjectResult. 
2025-06-30 20:19:45.9472 TRACE Result Filter: Before executing OnResultExecuted on filter Microsoft.AspNetCore.Mvc.Infrastructure.ClientErrorResultFilter. 
2025-06-30 20:19:45.9472 TRACE Result Filter: After executing OnResultExecuted on filter Microsoft.AspNetCore.Mvc.Infrastructure.ClientErrorResultFilter. 
2025-06-30 20:19:45.9472 INFO Executed action ApiAspNet.Controllers.FlotteController.Create (ApiAspNet) in 37.1006ms 
2025-06-30 20:19:45.9472 INFO Executed endpoint 'ApiAspNet.Controllers.FlotteController.Create (ApiAspNet)' 
2025-06-30 20:19:45.9472 INFO Request finished HTTP/2 POST https://localhost:44384/api/Flotte - 200 - application/json;+charset=utf-8 47.3422ms 
2025-06-30 20:19:53.8498 INFO Request starting HTTP/2 GET https://localhost:44384/api/Flotte - - - 
2025-06-30 20:19:53.8498 TRACE All hosts are allowed. 
2025-06-30 20:19:53.8498 DEBUG 1 candidate(s) found for the request path '/api/Flotte' 
2025-06-30 20:19:53.8498 DEBUG Endpoint 'ApiAspNet.Controllers.FlotteController.GetAll (ApiAspNet)' with route pattern 'api/Flotte' is valid for the request path '/api/Flotte' 
2025-06-30 20:19:53.8498 DEBUG Request matched endpoint 'ApiAspNet.Controllers.FlotteController.GetAll (ApiAspNet)' 
2025-06-30 20:19:53.8498 TRACE The endpoint does not specify the IRequestSizeLimitMetadata. 
2025-06-30 20:19:53.8498 DEBUG Static files was skipped as the request already matched an endpoint. 
2025-06-30 20:19:53.8498 DEBUG AuthenticationScheme: Bearer was not authenticated. 
2025-06-30 20:19:53.8498 INFO Executing endpoint 'ApiAspNet.Controllers.FlotteController.GetAll (ApiAspNet)' 
2025-06-30 20:19:53.8582 INFO Route matched with {action = "GetAll", controller = "Flotte"}. Executing controller action with signature Microsoft.AspNetCore.Mvc.IActionResult GetAll() on controller ApiAspNet.Controllers.FlotteController (ApiAspNet). 
2025-06-30 20:19:53.8582 DEBUG Execution plan of authorization filters (in the following order): None 
2025-06-30 20:19:53.8582 DEBUG Execution plan of resource filters (in the following order): None 
2025-06-30 20:19:53.8582 DEBUG Execution plan of action filters (in the following order): Microsoft.AspNetCore.Mvc.ModelBinding.UnsupportedContentTypeFilter (Order: -3000), Microsoft.AspNetCore.Mvc.Infrastructure.ModelStateInvalidFilter (Order: -2000) 
2025-06-30 20:19:53.8582 DEBUG Execution plan of exception filters (in the following order): None 
2025-06-30 20:19:53.8582 DEBUG Execution plan of result filters (in the following order): Microsoft.AspNetCore.Mvc.Infrastructure.ClientErrorResultFilter (Order: -2000) 
2025-06-30 20:19:53.8582 DEBUG Executing controller factory for controller ApiAspNet.Controllers.FlotteController (ApiAspNet) 
2025-06-30 20:19:53.8582 DEBUG Executed controller factory for controller ApiAspNet.Controllers.FlotteController (ApiAspNet) 
2025-06-30 20:19:53.8582 TRACE Action Filter: Before executing OnActionExecuting on filter Microsoft.AspNetCore.Mvc.ModelBinding.UnsupportedContentTypeFilter. 
2025-06-30 20:19:53.8582 TRACE Action Filter: After executing OnActionExecuting on filter Microsoft.AspNetCore.Mvc.ModelBinding.UnsupportedContentTypeFilter. 
2025-06-30 20:19:53.8582 TRACE Action Filter: Before executing OnActionExecuting on filter Microsoft.AspNetCore.Mvc.Infrastructure.ModelStateInvalidFilter. 
2025-06-30 20:19:53.8582 TRACE Action Filter: After executing OnActionExecuting on filter Microsoft.AspNetCore.Mvc.Infrastructure.ModelStateInvalidFilter. 
2025-06-30 20:19:53.8582 INFO Executing action method ApiAspNet.Controllers.FlotteController.GetAll (ApiAspNet) - Validation state: Valid 
2025-06-30 20:19:53.8582 INFO Executed action method ApiAspNet.Controllers.FlotteController.GetAll (ApiAspNet), returned result Microsoft.AspNetCore.Mvc.OkObjectResult in 0.5279ms. 
2025-06-30 20:19:53.8582 TRACE Action Filter: Before executing OnActionExecuted on filter Microsoft.AspNetCore.Mvc.Infrastructure.ModelStateInvalidFilter. 
2025-06-30 20:19:53.8582 TRACE Action Filter: After executing OnActionExecuted on filter Microsoft.AspNetCore.Mvc.Infrastructure.ModelStateInvalidFilter. 
2025-06-30 20:19:53.8582 TRACE Action Filter: Before executing OnActionExecuted on filter Microsoft.AspNetCore.Mvc.ModelBinding.UnsupportedContentTypeFilter. 
2025-06-30 20:19:53.8582 TRACE Action Filter: After executing OnActionExecuted on filter Microsoft.AspNetCore.Mvc.ModelBinding.UnsupportedContentTypeFilter. 
2025-06-30 20:19:53.8582 TRACE Result Filter: Before executing OnResultExecuting on filter Microsoft.AspNetCore.Mvc.Infrastructure.ClientErrorResultFilter. 
2025-06-30 20:19:53.8582 TRACE Result Filter: After executing OnResultExecuting on filter Microsoft.AspNetCore.Mvc.Infrastructure.ClientErrorResultFilter. 
2025-06-30 20:19:53.8582 TRACE Before executing action result Microsoft.AspNetCore.Mvc.OkObjectResult. 
2025-06-30 20:19:53.8582 DEBUG List of registered output formatters, in the following order: Microsoft.AspNetCore.Mvc.Formatters.HttpNoContentOutputFormatter, Microsoft.AspNetCore.Mvc.Formatters.StringOutputFormatter, Microsoft.AspNetCore.Mvc.Formatters.StreamOutputFormatter, Microsoft.AspNetCore.Mvc.Formatters.SystemTextJsonOutputFormatter 
2025-06-30 20:19:53.8582 DEBUG No information found on request to perform content negotiation. 
2025-06-30 20:19:53.8582 DEBUG Attempting to select an output formatter without using a content type as no explicit content types were specified for the response. 
2025-06-30 20:19:53.8582 DEBUG Attempting to select the first formatter in the output formatters list which can write the result. 
2025-06-30 20:19:53.8582 DEBUG Selected output formatter 'Microsoft.AspNetCore.Mvc.Formatters.SystemTextJsonOutputFormatter' and content type 'application/json' to write the response. 
2025-06-30 20:19:53.8582 INFO Executing OkObjectResult, writing value of type 'Microsoft.EntityFrameworkCore.Internal.InternalDbSet`1[[ApiAspNet.Entities.Flotte, ApiAspNet, Version=1.0.0.0, Culture=neutral, PublicKeyToken=null]]'. 
2025-06-30 20:19:54.5032 TRACE After executing action result Microsoft.AspNetCore.Mvc.OkObjectResult. 
2025-06-30 20:19:54.5032 TRACE Result Filter: Before executing OnResultExecuted on filter Microsoft.AspNetCore.Mvc.Infrastructure.ClientErrorResultFilter. 
2025-06-30 20:19:54.5032 TRACE Result Filter: After executing OnResultExecuted on filter Microsoft.AspNetCore.Mvc.Infrastructure.ClientErrorResultFilter. 
2025-06-30 20:19:54.5032 INFO Executed action ApiAspNet.Controllers.FlotteController.GetAll (ApiAspNet) in 651.8254ms 
2025-06-30 20:19:54.5032 INFO Executed endpoint 'ApiAspNet.Controllers.FlotteController.GetAll (ApiAspNet)' 
2025-06-30 20:19:54.5175 INFO Request finished HTTP/2 GET https://localhost:44384/api/Flotte - 200 - application/json;+charset=utf-8 667.8001ms 
2025-06-30 20:20:26.3429 INFO Request starting HTTP/2 POST https://localhost:44384/api/Flotte - application/json 62 
2025-06-30 20:20:26.3429 TRACE All hosts are allowed. 
2025-06-30 20:20:26.3429 DEBUG 1 candidate(s) found for the request path '/api/Flotte' 
2025-06-30 20:20:26.3429 DEBUG Endpoint 'ApiAspNet.Controllers.FlotteController.Create (ApiAspNet)' with route pattern 'api/Flotte' is valid for the request path '/api/Flotte' 
2025-06-30 20:20:26.3429 DEBUG Request matched endpoint 'ApiAspNet.Controllers.FlotteController.Create (ApiAspNet)' 
2025-06-30 20:20:26.3429 TRACE The endpoint does not specify the IRequestSizeLimitMetadata. 
2025-06-30 20:20:26.3429 DEBUG Static files was skipped as the request already matched an endpoint. 
2025-06-30 20:20:26.3429 DEBUG The request has an origin header: 'https://localhost:44384'. 
2025-06-30 20:20:26.3429 INFO CORS policy execution failed. 
2025-06-30 20:20:26.3429 INFO Request origin https://localhost:44384 does not have permission to access the resource. 
2025-06-30 20:20:26.3429 DEBUG AuthenticationScheme: Bearer was not authenticated. 
2025-06-30 20:20:26.3429 INFO Executing endpoint 'ApiAspNet.Controllers.FlotteController.Create (ApiAspNet)' 
2025-06-30 20:20:26.3429 INFO Route matched with {action = "Create", controller = "Flotte"}. Executing controller action with signature Microsoft.AspNetCore.Mvc.IActionResult Create(ApiAspNet.Models.Flottes.CreateRequest) on controller ApiAspNet.Controllers.FlotteController (ApiAspNet). 
2025-06-30 20:20:26.3429 DEBUG Execution plan of authorization filters (in the following order): None 
2025-06-30 20:20:26.3429 DEBUG Execution plan of resource filters (in the following order): None 
2025-06-30 20:20:26.3429 DEBUG Execution plan of action filters (in the following order): Microsoft.AspNetCore.Mvc.ModelBinding.UnsupportedContentTypeFilter (Order: -3000), Microsoft.AspNetCore.Mvc.Infrastructure.ModelStateInvalidFilter (Order: -2000) 
2025-06-30 20:20:26.3429 DEBUG Execution plan of exception filters (in the following order): None 
2025-06-30 20:20:26.3429 DEBUG Execution plan of result filters (in the following order): Microsoft.AspNetCore.Mvc.Infrastructure.ClientErrorResultFilter (Order: -2000) 
2025-06-30 20:20:26.3429 DEBUG Executing controller factory for controller ApiAspNet.Controllers.FlotteController (ApiAspNet) 
2025-06-30 20:20:26.3429 DEBUG Executed controller factory for controller ApiAspNet.Controllers.FlotteController (ApiAspNet) 
2025-06-30 20:20:26.3429 DEBUG Attempting to bind parameter 'model' of type 'ApiAspNet.Models.Flottes.CreateRequest' ... 
2025-06-30 20:20:26.3429 DEBUG Attempting to bind parameter 'model' of type 'ApiAspNet.Models.Flottes.CreateRequest' using the name '' in request data ... 
2025-06-30 20:20:26.3429 DEBUG Selected input formatter 'Microsoft.AspNetCore.Mvc.Formatters.SystemTextJsonInputFormatter' for content type 'application/json'. 
2025-06-30 20:20:26.3429 DEBUG JSON input formatter succeeded, deserializing to type 'ApiAspNet.Models.Flottes.CreateRequest' 
2025-06-30 20:20:26.3429 DEBUG Done attempting to bind parameter 'model' of type 'ApiAspNet.Models.Flottes.CreateRequest'. 
2025-06-30 20:20:26.3429 DEBUG Done attempting to bind parameter 'model' of type 'ApiAspNet.Models.Flottes.CreateRequest'. 
2025-06-30 20:20:26.3429 DEBUG Attempting to validate the bound parameter 'model' of type 'ApiAspNet.Models.Flottes.CreateRequest' ... 
2025-06-30 20:20:26.3429 DEBUG Done attempting to validate the bound parameter 'model' of type 'ApiAspNet.Models.Flottes.CreateRequest'. 
2025-06-30 20:20:26.3429 TRACE Action Filter: Before executing OnActionExecuting on filter Microsoft.AspNetCore.Mvc.ModelBinding.UnsupportedContentTypeFilter. 
2025-06-30 20:20:26.3429 TRACE Action Filter: After executing OnActionExecuting on filter Microsoft.AspNetCore.Mvc.ModelBinding.UnsupportedContentTypeFilter. 
2025-06-30 20:20:26.3429 TRACE Action Filter: Before executing OnActionExecuting on filter Microsoft.AspNetCore.Mvc.Infrastructure.ModelStateInvalidFilter. 
2025-06-30 20:20:26.3429 TRACE Action Filter: After executing OnActionExecuting on filter Microsoft.AspNetCore.Mvc.Infrastructure.ModelStateInvalidFilter. 
2025-06-30 20:20:26.3429 INFO Executing action method ApiAspNet.Controllers.FlotteController.Create (ApiAspNet) - Validation state: Valid 
2025-06-30 20:20:26.3429 TRACE Executing action method ApiAspNet.Controllers.FlotteController.Create (ApiAspNet) with arguments (ApiAspNet.Models.Flottes.CreateRequest) 
2025-06-30 20:20:26.3429 INFO Executed action method ApiAspNet.Controllers.FlotteController.Create (ApiAspNet), returned result Microsoft.AspNetCore.Mvc.OkObjectResult in 4.9388ms. 
2025-06-30 20:20:26.3429 TRACE Action Filter: Before executing OnActionExecuted on filter Microsoft.AspNetCore.Mvc.Infrastructure.ModelStateInvalidFilter. 
2025-06-30 20:20:26.3429 TRACE Action Filter: After executing OnActionExecuted on filter Microsoft.AspNetCore.Mvc.Infrastructure.ModelStateInvalidFilter. 
2025-06-30 20:20:26.3429 TRACE Action Filter: Before executing OnActionExecuted on filter Microsoft.AspNetCore.Mvc.ModelBinding.UnsupportedContentTypeFilter. 
2025-06-30 20:20:26.3429 TRACE Action Filter: After executing OnActionExecuted on filter Microsoft.AspNetCore.Mvc.ModelBinding.UnsupportedContentTypeFilter. 
2025-06-30 20:20:26.3429 TRACE Result Filter: Before executing OnResultExecuting on filter Microsoft.AspNetCore.Mvc.Infrastructure.ClientErrorResultFilter. 
2025-06-30 20:20:26.3429 TRACE Result Filter: After executing OnResultExecuting on filter Microsoft.AspNetCore.Mvc.Infrastructure.ClientErrorResultFilter. 
2025-06-30 20:20:26.3429 TRACE Before executing action result Microsoft.AspNetCore.Mvc.OkObjectResult. 
2025-06-30 20:20:26.3429 DEBUG List of registered output formatters, in the following order: Microsoft.AspNetCore.Mvc.Formatters.HttpNoContentOutputFormatter, Microsoft.AspNetCore.Mvc.Formatters.StringOutputFormatter, Microsoft.AspNetCore.Mvc.Formatters.StreamOutputFormatter, Microsoft.AspNetCore.Mvc.Formatters.SystemTextJsonOutputFormatter 
2025-06-30 20:20:26.3429 DEBUG No information found on request to perform content negotiation. 
2025-06-30 20:20:26.3429 DEBUG Attempting to select an output formatter without using a content type as no explicit content types were specified for the response. 
2025-06-30 20:20:26.3429 DEBUG Attempting to select the first formatter in the output formatters list which can write the result. 
2025-06-30 20:20:26.3429 DEBUG Selected output formatter 'Microsoft.AspNetCore.Mvc.Formatters.SystemTextJsonOutputFormatter' and content type 'application/json' to write the response. 
2025-06-30 20:20:26.3429 INFO Executing OkObjectResult, writing value of type '<>f__AnonymousType0`1[[System.String, System.Private.CoreLib, Version=8.0.0.0, Culture=neutral, PublicKeyToken=7cec85d7bea7798e]]'. 
2025-06-30 20:20:26.3429 TRACE After executing action result Microsoft.AspNetCore.Mvc.OkObjectResult. 
2025-06-30 20:20:26.3429 TRACE Result Filter: Before executing OnResultExecuted on filter Microsoft.AspNetCore.Mvc.Infrastructure.ClientErrorResultFilter. 
2025-06-30 20:20:26.3429 TRACE Result Filter: After executing OnResultExecuted on filter Microsoft.AspNetCore.Mvc.Infrastructure.ClientErrorResultFilter. 
2025-06-30 20:20:26.3429 INFO Executed action ApiAspNet.Controllers.FlotteController.Create (ApiAspNet) in 7.4616ms 
2025-06-30 20:20:26.3429 INFO Executed endpoint 'ApiAspNet.Controllers.FlotteController.Create (ApiAspNet)' 
2025-06-30 20:20:26.3429 INFO Request finished HTTP/2 POST https://localhost:44384/api/Flotte - 200 - application/json;+charset=utf-8 21.4505ms 
2025-06-30 20:20:26.3429 DEBUG Connection ID "18230571309580943464" disconnecting. 
2025-06-30 20:21:00.7214 INFO Request starting HTTP/2 POST https://localhost:44384/api/Flotte - application/json 60 
2025-06-30 20:21:00.7214 TRACE All hosts are allowed. 
2025-06-30 20:21:00.7214 DEBUG 1 candidate(s) found for the request path '/api/Flotte' 
2025-06-30 20:21:00.7214 DEBUG Endpoint 'ApiAspNet.Controllers.FlotteController.Create (ApiAspNet)' with route pattern 'api/Flotte' is valid for the request path '/api/Flotte' 
2025-06-30 20:21:00.7214 DEBUG Request matched endpoint 'ApiAspNet.Controllers.FlotteController.Create (ApiAspNet)' 
2025-06-30 20:21:00.7214 TRACE The endpoint does not specify the IRequestSizeLimitMetadata. 
2025-06-30 20:21:00.7214 DEBUG Static files was skipped as the request already matched an endpoint. 
2025-06-30 20:21:00.7214 DEBUG The request has an origin header: 'https://localhost:44384'. 
2025-06-30 20:21:00.7214 INFO CORS policy execution failed. 
2025-06-30 20:21:00.7214 INFO Request origin https://localhost:44384 does not have permission to access the resource. 
2025-06-30 20:21:00.7214 DEBUG AuthenticationScheme: Bearer was not authenticated. 
2025-06-30 20:21:00.7214 INFO Executing endpoint 'ApiAspNet.Controllers.FlotteController.Create (ApiAspNet)' 
2025-06-30 20:21:00.7214 INFO Route matched with {action = "Create", controller = "Flotte"}. Executing controller action with signature Microsoft.AspNetCore.Mvc.IActionResult Create(ApiAspNet.Models.Flottes.CreateRequest) on controller ApiAspNet.Controllers.FlotteController (ApiAspNet). 
2025-06-30 20:21:00.7214 DEBUG Execution plan of authorization filters (in the following order): None 
2025-06-30 20:21:00.7214 DEBUG Execution plan of resource filters (in the following order): None 
2025-06-30 20:21:00.7214 DEBUG Execution plan of action filters (in the following order): Microsoft.AspNetCore.Mvc.ModelBinding.UnsupportedContentTypeFilter (Order: -3000), Microsoft.AspNetCore.Mvc.Infrastructure.ModelStateInvalidFilter (Order: -2000) 
2025-06-30 20:21:00.7214 DEBUG Execution plan of exception filters (in the following order): None 
2025-06-30 20:21:00.7214 DEBUG Execution plan of result filters (in the following order): Microsoft.AspNetCore.Mvc.Infrastructure.ClientErrorResultFilter (Order: -2000) 
2025-06-30 20:21:00.7214 DEBUG Executing controller factory for controller ApiAspNet.Controllers.FlotteController (ApiAspNet) 
2025-06-30 20:21:00.7214 DEBUG Executed controller factory for controller ApiAspNet.Controllers.FlotteController (ApiAspNet) 
2025-06-30 20:21:00.7214 DEBUG Attempting to bind parameter 'model' of type 'ApiAspNet.Models.Flottes.CreateRequest' ... 
2025-06-30 20:21:00.7214 DEBUG Attempting to bind parameter 'model' of type 'ApiAspNet.Models.Flottes.CreateRequest' using the name '' in request data ... 
2025-06-30 20:21:00.7214 DEBUG Selected input formatter 'Microsoft.AspNetCore.Mvc.Formatters.SystemTextJsonInputFormatter' for content type 'application/json'. 
2025-06-30 20:21:00.7214 DEBUG JSON input formatter succeeded, deserializing to type 'ApiAspNet.Models.Flottes.CreateRequest' 
2025-06-30 20:21:00.7214 DEBUG Done attempting to bind parameter 'model' of type 'ApiAspNet.Models.Flottes.CreateRequest'. 
2025-06-30 20:21:00.7214 DEBUG Done attempting to bind parameter 'model' of type 'ApiAspNet.Models.Flottes.CreateRequest'. 
2025-06-30 20:21:00.7214 DEBUG Attempting to validate the bound parameter 'model' of type 'ApiAspNet.Models.Flottes.CreateRequest' ... 
2025-06-30 20:21:00.7383 DEBUG Done attempting to validate the bound parameter 'model' of type 'ApiAspNet.Models.Flottes.CreateRequest'. 
2025-06-30 20:21:00.7383 TRACE Action Filter: Before executing OnActionExecuting on filter Microsoft.AspNetCore.Mvc.ModelBinding.UnsupportedContentTypeFilter. 
2025-06-30 20:21:00.7383 TRACE Action Filter: After executing OnActionExecuting on filter Microsoft.AspNetCore.Mvc.ModelBinding.UnsupportedContentTypeFilter. 
2025-06-30 20:21:00.7383 TRACE Action Filter: Before executing OnActionExecuting on filter Microsoft.AspNetCore.Mvc.Infrastructure.ModelStateInvalidFilter. 
2025-06-30 20:21:00.7383 TRACE Action Filter: After executing OnActionExecuting on filter Microsoft.AspNetCore.Mvc.Infrastructure.ModelStateInvalidFilter. 
2025-06-30 20:21:00.7383 INFO Executing action method ApiAspNet.Controllers.FlotteController.Create (ApiAspNet) - Validation state: Valid 
2025-06-30 20:21:00.7383 TRACE Executing action method ApiAspNet.Controllers.FlotteController.Create (ApiAspNet) with arguments (ApiAspNet.Models.Flottes.CreateRequest) 
2025-06-30 20:21:00.7548 INFO Executed action method ApiAspNet.Controllers.FlotteController.Create (ApiAspNet), returned result Microsoft.AspNetCore.Mvc.OkObjectResult in 12.1734ms. 
2025-06-30 20:21:00.7548 TRACE Action Filter: Before executing OnActionExecuted on filter Microsoft.AspNetCore.Mvc.Infrastructure.ModelStateInvalidFilter. 
2025-06-30 20:21:00.7548 TRACE Action Filter: After executing OnActionExecuted on filter Microsoft.AspNetCore.Mvc.Infrastructure.ModelStateInvalidFilter. 
2025-06-30 20:21:00.7548 TRACE Action Filter: Before executing OnActionExecuted on filter Microsoft.AspNetCore.Mvc.ModelBinding.UnsupportedContentTypeFilter. 
2025-06-30 20:21:00.7548 TRACE Action Filter: After executing OnActionExecuted on filter Microsoft.AspNetCore.Mvc.ModelBinding.UnsupportedContentTypeFilter. 
2025-06-30 20:21:00.7548 TRACE Result Filter: Before executing OnResultExecuting on filter Microsoft.AspNetCore.Mvc.Infrastructure.ClientErrorResultFilter. 
2025-06-30 20:21:00.7548 TRACE Result Filter: After executing OnResultExecuting on filter Microsoft.AspNetCore.Mvc.Infrastructure.ClientErrorResultFilter. 
2025-06-30 20:21:00.7548 TRACE Before executing action result Microsoft.AspNetCore.Mvc.OkObjectResult. 
2025-06-30 20:21:00.7548 DEBUG List of registered output formatters, in the following order: Microsoft.AspNetCore.Mvc.Formatters.HttpNoContentOutputFormatter, Microsoft.AspNetCore.Mvc.Formatters.StringOutputFormatter, Microsoft.AspNetCore.Mvc.Formatters.StreamOutputFormatter, Microsoft.AspNetCore.Mvc.Formatters.SystemTextJsonOutputFormatter 
2025-06-30 20:21:00.7548 DEBUG No information found on request to perform content negotiation. 
2025-06-30 20:21:00.7548 DEBUG Attempting to select an output formatter without using a content type as no explicit content types were specified for the response. 
2025-06-30 20:21:00.7548 DEBUG Attempting to select the first formatter in the output formatters list which can write the result. 
2025-06-30 20:21:00.7548 DEBUG Selected output formatter 'Microsoft.AspNetCore.Mvc.Formatters.SystemTextJsonOutputFormatter' and content type 'application/json' to write the response. 
2025-06-30 20:21:00.7548 INFO Executing OkObjectResult, writing value of type '<>f__AnonymousType0`1[[System.String, System.Private.CoreLib, Version=8.0.0.0, Culture=neutral, PublicKeyToken=7cec85d7bea7798e]]'. 
2025-06-30 20:21:00.7548 TRACE After executing action result Microsoft.AspNetCore.Mvc.OkObjectResult. 
2025-06-30 20:21:00.7548 TRACE Result Filter: Before executing OnResultExecuted on filter Microsoft.AspNetCore.Mvc.Infrastructure.ClientErrorResultFilter. 
2025-06-30 20:21:00.7548 TRACE Result Filter: After executing OnResultExecuted on filter Microsoft.AspNetCore.Mvc.Infrastructure.ClientErrorResultFilter. 
2025-06-30 20:21:00.7548 INFO Executed action ApiAspNet.Controllers.FlotteController.Create (ApiAspNet) in 31.6975ms 
2025-06-30 20:21:00.7548 INFO Executed endpoint 'ApiAspNet.Controllers.FlotteController.Create (ApiAspNet)' 
2025-06-30 20:21:00.7548 INFO Request finished HTTP/2 POST https://localhost:44384/api/Flotte - 200 - application/json;+charset=utf-8 36.3863ms 
2025-06-30 20:21:11.8704 INFO Request starting HTTP/2 GET https://localhost:44384/api/Flotte/report - - - 
2025-06-30 20:21:11.8704 TRACE All hosts are allowed. 
2025-06-30 20:21:11.8704 DEBUG 2 candidate(s) found for the request path '/api/Flotte/report' 
2025-06-30 20:21:11.8704 DEBUG Endpoint 'ApiAspNet.Controllers.FlotteController.ExportReport (ApiAspNet)' with route pattern 'api/Flotte/report' is valid for the request path '/api/Flotte/report' 
2025-06-30 20:21:11.8704 DEBUG Endpoint 'ApiAspNet.Controllers.FlotteController.GetById (ApiAspNet)' with route pattern 'api/Flotte/{id}' is valid for the request path '/api/Flotte/report' 
2025-06-30 20:21:11.8704 DEBUG Request matched endpoint 'ApiAspNet.Controllers.FlotteController.ExportReport (ApiAspNet)' 
2025-06-30 20:21:11.8704 TRACE The endpoint does not specify the IRequestSizeLimitMetadata. 
2025-06-30 20:21:11.8704 DEBUG Static files was skipped as the request already matched an endpoint. 
2025-06-30 20:21:11.8704 DEBUG AuthenticationScheme: Bearer was not authenticated. 
2025-06-30 20:21:11.8704 INFO Executing endpoint 'ApiAspNet.Controllers.FlotteController.ExportReport (ApiAspNet)' 
2025-06-30 20:21:11.9062 INFO Route matched with {action = "ExportReport", controller = "Flotte"}. Executing controller action with signature Microsoft.AspNetCore.Mvc.IActionResult ExportReport() on controller ApiAspNet.Controllers.FlotteController (ApiAspNet). 
2025-06-30 20:21:11.9062 DEBUG Execution plan of authorization filters (in the following order): None 
2025-06-30 20:21:11.9062 DEBUG Execution plan of resource filters (in the following order): None 
2025-06-30 20:21:11.9062 DEBUG Execution plan of action filters (in the following order): Microsoft.AspNetCore.Mvc.ModelBinding.UnsupportedContentTypeFilter (Order: -3000), Microsoft.AspNetCore.Mvc.Infrastructure.ModelStateInvalidFilter (Order: -2000) 
2025-06-30 20:21:11.9062 DEBUG Execution plan of exception filters (in the following order): None 
2025-06-30 20:21:11.9062 DEBUG Execution plan of result filters (in the following order): Microsoft.AspNetCore.Mvc.Infrastructure.ClientErrorResultFilter (Order: -2000) 
2025-06-30 20:21:11.9062 DEBUG Executing controller factory for controller ApiAspNet.Controllers.FlotteController (ApiAspNet) 
2025-06-30 20:21:11.9062 DEBUG Executed controller factory for controller ApiAspNet.Controllers.FlotteController (ApiAspNet) 
2025-06-30 20:21:11.9062 TRACE Action Filter: Before executing OnActionExecuting on filter Microsoft.AspNetCore.Mvc.ModelBinding.UnsupportedContentTypeFilter. 
2025-06-30 20:21:11.9062 TRACE Action Filter: After executing OnActionExecuting on filter Microsoft.AspNetCore.Mvc.ModelBinding.UnsupportedContentTypeFilter. 
2025-06-30 20:21:11.9062 TRACE Action Filter: Before executing OnActionExecuting on filter Microsoft.AspNetCore.Mvc.Infrastructure.ModelStateInvalidFilter. 
2025-06-30 20:21:11.9062 TRACE Action Filter: After executing OnActionExecuting on filter Microsoft.AspNetCore.Mvc.Infrastructure.ModelStateInvalidFilter. 
2025-06-30 20:21:11.9062 INFO Executing action method ApiAspNet.Controllers.FlotteController.ExportReport (ApiAspNet) - Validation state: Valid 
2025-06-30 20:21:13.2687 INFO Executed action method ApiAspNet.Controllers.FlotteController.ExportReport (ApiAspNet), returned result Microsoft.AspNetCore.Mvc.FileContentResult in 1361.9077ms. 
2025-06-30 20:21:13.2687 TRACE Action Filter: Before executing OnActionExecuted on filter Microsoft.AspNetCore.Mvc.Infrastructure.ModelStateInvalidFilter. 
2025-06-30 20:21:13.2687 TRACE Action Filter: After executing OnActionExecuted on filter Microsoft.AspNetCore.Mvc.Infrastructure.ModelStateInvalidFilter. 
2025-06-30 20:21:13.2687 TRACE Action Filter: Before executing OnActionExecuted on filter Microsoft.AspNetCore.Mvc.ModelBinding.UnsupportedContentTypeFilter. 
2025-06-30 20:21:13.2687 TRACE Action Filter: After executing OnActionExecuted on filter Microsoft.AspNetCore.Mvc.ModelBinding.UnsupportedContentTypeFilter. 
2025-06-30 20:21:13.2687 TRACE Result Filter: Before executing OnResultExecuting on filter Microsoft.AspNetCore.Mvc.Infrastructure.ClientErrorResultFilter. 
2025-06-30 20:21:13.2687 TRACE Result Filter: After executing OnResultExecuting on filter Microsoft.AspNetCore.Mvc.Infrastructure.ClientErrorResultFilter. 
2025-06-30 20:21:13.2687 TRACE Before executing action result Microsoft.AspNetCore.Mvc.FileContentResult. 
2025-06-30 20:21:13.2687 INFO Executing FileContentResult, sending file with download name 'rapport.pdf' ... 
2025-06-30 20:21:13.2687 DEBUG The file result has not been enabled for processing range requests. To enable it, set the EnableRangeProcessing property on the result to 'true'. 
2025-06-30 20:21:13.2846 TRACE After executing action result Microsoft.AspNetCore.Mvc.FileContentResult. 
2025-06-30 20:21:13.2846 TRACE Result Filter: Before executing OnResultExecuted on filter Microsoft.AspNetCore.Mvc.Infrastructure.ClientErrorResultFilter. 
2025-06-30 20:21:13.2846 TRACE Result Filter: After executing OnResultExecuted on filter Microsoft.AspNetCore.Mvc.Infrastructure.ClientErrorResultFilter. 
2025-06-30 20:21:13.2846 INFO Executed action ApiAspNet.Controllers.FlotteController.ExportReport (ApiAspNet) in 1378.4562ms 
2025-06-30 20:21:13.2846 INFO Executed endpoint 'ApiAspNet.Controllers.FlotteController.ExportReport (ApiAspNet)' 
2025-06-30 20:21:13.2846 DEBUG Connection ID "18302628890733969465" disconnecting. 
2025-06-30 20:21:13.2846 INFO Request finished HTTP/2 GET https://localhost:44384/api/Flotte/report - 200 210318 application/pdf 1422.0366ms 
