2025-06-15 16:02:28.0507 DEBUG Démarrage de l'application 
2025-06-15 16:02:32.2582 DEBUG Registered model binder providers, in the following order: Microsoft.AspNetCore.Mvc.ModelBinding.Binders.BinderTypeModelBinderProvider, Microsoft.AspNetCore.Mvc.ModelBinding.Binders.ServicesModelBinderProvider, Microsoft.AspNetCore.Mvc.ModelBinding.Binders.BodyModelBinderProvider, Microsoft.AspNetCore.Mvc.ModelBinding.Binders.HeaderModelBinderProvider, Microsoft.AspNetCore.Mvc.ModelBinding.Binders.FloatingPointTypeModelBinderProvider, Microsoft.AspNetCore.Mvc.ModelBinding.Binders.EnumTypeModelBinderProvider, Microsoft.AspNetCore.Mvc.ModelBinding.Binders.DateTimeModelBinderProvider, Microsoft.AspNetCore.Mvc.ModelBinding.Binders.SimpleTypeModelBinderProvider, Microsoft.AspNetCore.Mvc.ModelBinding.Binders.TryParseModelBinderProvider, Microsoft.AspNetCore.Mvc.ModelBinding.Binders.CancellationTokenModelBinderProvider, Microsoft.AspNetCore.Mvc.ModelBinding.Binders.ByteArrayModelBinderProvider, Microsoft.AspNetCore.Mvc.ModelBinding.Binders.FormFileModelBinderProvider, Microsoft.AspNetCore.Mvc.ModelBinding.Binders.FormCollectionModelBinderProvider, Microsoft.AspNetCore.Mvc.ModelBinding.Binders.KeyValuePairModelBinderProvider, Microsoft.AspNetCore.Mvc.ModelBinding.Binders.DictionaryModelBinderProvider, Microsoft.AspNetCore.Mvc.ModelBinding.Binders.ArrayModelBinderProvider, Microsoft.AspNetCore.Mvc.ModelBinding.Binders.CollectionModelBinderProvider, Microsoft.AspNetCore.Mvc.ModelBinding.Binders.ComplexObjectModelBinderProvider 
2025-06-15 16:02:32.7499 DEBUG Hosting starting 
2025-06-15 16:02:35.3308 DEBUG Loaded hosting startup assembly ApiAspNet 
2025-06-15 16:02:35.3308 DEBUG Loaded hosting startup assembly Microsoft.WebTools.ApiEndpointDiscovery 
2025-06-15 16:02:35.3308 DEBUG Loaded hosting startup assembly Microsoft.AspNetCore.Watch.BrowserRefresh 
2025-06-15 16:02:35.3308 DEBUG Loaded hosting startup assembly Microsoft.WebTools.BrowserLink.Net 
2025-06-15 16:02:35.4072 INFO Request starting HTTP/2 GET https://localhost:44384/swagger/index.html - - - 
2025-06-15 16:02:35.4533 DEBUG Wildcard detected, all requests with hosts will be allowed. 
2025-06-15 16:02:35.4533 TRACE All hosts are allowed. 
2025-06-15 16:02:35.5504 DEBUG No candidates found for the request path '/swagger/index.html' 
2025-06-15 16:02:35.5504 DEBUG Request did not match any endpoints 
2025-06-15 16:02:35.8584 INFO Application started. Press Ctrl+C to shut down. 
2025-06-15 16:02:35.8584 INFO Hosting environment: Development 
2025-06-15 16:02:35.8584 INFO Content root path: C:\Users\elitebook\Source\Repos\AspDotNet1\ApiAspNet 
2025-06-15 16:02:35.8584 DEBUG Hosting started 
2025-06-15 16:02:36.3671 DEBUG Response markup is scheduled to include browser refresh script injection. 
2025-06-15 16:02:36.7490 DEBUG Response markup was updated to include browser refresh script injection. 
2025-06-15 16:02:36.7789 INFO Request finished HTTP/2 GET https://localhost:44384/swagger/index.html - 200 - text/html;charset=utf-8 1399.0217ms 
2025-06-15 16:02:36.9770 DEBUG Connection ID "18230571292401074177" disconnecting. 
2025-06-15 16:02:42.2219 INFO Request starting HTTP/1.1 GET https://localhost:44384/api/Authenticate/register - - - 
2025-06-15 16:02:42.2219 TRACE All hosts are allowed. 
2025-06-15 16:02:42.2260 DEBUG No candidates found for the request path '/api/Authenticate/register' 
2025-06-15 16:02:42.2260 DEBUG Request did not match any endpoints 
2025-06-15 16:02:42.2260 DEBUG The request path  does not match the path filter 
2025-06-15 16:02:42.2260 INFO Request finished HTTP/1.1 GET https://localhost:44384/api/Authenticate/register - 404 - - 14.0227ms 
2025-06-15 16:02:42.2260 INFO Request reached the end of the middleware pipeline without being handled by application code. Request path: GET https://localhost:44384/api/Authenticate/register, Response status code: 404 
2025-06-15 16:02:45.1213 INFO Request starting HTTP/2 GET https://localhost:44384/_framework/aspnetcore-browser-refresh.js - - - 
2025-06-15 16:02:45.1391 INFO Request finished HTTP/2 GET https://localhost:44384/_framework/aspnetcore-browser-refresh.js - 200 13770 application/javascript;+charset=utf-8 14.3944ms 
2025-06-15 16:02:45.1391 DEBUG Connection ID "18230571296696041475" disconnecting. 
2025-06-15 16:02:45.7712 INFO Request starting HTTP/2 GET https://localhost:44384/swagger/v1/swagger.json - - - 
2025-06-15 16:02:45.7712 TRACE All hosts are allowed. 
2025-06-15 16:02:45.7712 DEBUG No candidates found for the request path '/swagger/v1/swagger.json' 
2025-06-15 16:02:45.7712 DEBUG Request did not match any endpoints 
2025-06-15 16:02:45.8363 INFO Request finished HTTP/2 GET https://localhost:44384/swagger/v1/swagger.json - 200 - application/json;charset=utf-8 65.1320ms 
2025-06-15 16:02:45.8363 DEBUG Connection ID "18230571318170877961" disconnecting. 
